<?xml version="1.0" encoding="UTF-8"?>
<coverage generated="1680486327502" clover="3.2.0">
  <project timestamp="1680486327502" name="All files">
    <metrics statements="346" coveredstatements="346" conditionals="99" coveredconditionals="99" methods="36" coveredmethods="36" elements="481" coveredelements="481" complexity="0" loc="346" ncloc="346" packages="1" files="8" classes="8"/>
    <file name="baseSIUnit.ts" path="C:\Users\vpate\OneDrive\Documents\GitHub\unit-system\baseSIUnit.ts">
      <metrics statements="15" coveredstatements="15" conditionals="3" coveredconditionals="3" methods="3" coveredmethods="3"/>
      <line num="1" count="1" type="stmt"/>
      <line num="2" count="1" type="stmt"/>
      <line num="3" count="1" type="stmt"/>
      <line num="4" count="1" type="stmt"/>
      <line num="5" count="1" type="stmt"/>
      <line num="6" count="1" type="stmt"/>
      <line num="7" count="1" type="cond" truecount="1" falsecount="0"/>
      <line num="8" count="12" type="stmt"/>
      <line num="9" count="12" type="stmt"/>
      <line num="10" count="1" type="stmt"/>
      <line num="11" count="1" type="cond" truecount="1" falsecount="0"/>
      <line num="12" count="1" type="cond" truecount="1" falsecount="0"/>
      <line num="13" count="1" type="stmt"/>
      <line num="14" count="1" type="stmt"/>
      <line num="15" count="1" type="stmt"/>
    </file>
    <file name="combinationUnit.ts" path="C:\Users\vpate\OneDrive\Documents\GitHub\unit-system\combinationUnit.ts">
      <metrics statements="130" coveredstatements="130" conditionals="50" coveredconditionals="50" methods="12" coveredmethods="12"/>
      <line num="1" count="1" type="stmt"/>
      <line num="2" count="1" type="stmt"/>
      <line num="3" count="1" type="stmt"/>
      <line num="4" count="1" type="stmt"/>
      <line num="5" count="1" type="stmt"/>
      <line num="6" count="1" type="stmt"/>
      <line num="7" count="1" type="stmt"/>
      <line num="8" count="1" type="stmt"/>
      <line num="9" count="1" type="stmt"/>
      <line num="10" count="931" type="cond" truecount="1" falsecount="0"/>
      <line num="11" count="931" type="stmt"/>
      <line num="12" count="931" type="cond" truecount="2" falsecount="0"/>
      <line num="13" count="108" type="stmt"/>
      <line num="14" count="931" type="cond" truecount="3" falsecount="0"/>
      <line num="15" count="240" type="stmt"/>
      <line num="16" count="240" type="stmt"/>
      <line num="17" count="583" type="cond" truecount="1" falsecount="0"/>
      <line num="18" count="583" type="stmt"/>
      <line num="19" count="931" type="cond" truecount="1" falsecount="0"/>
      <line num="20" count="366" type="stmt"/>
      <line num="21" count="931" type="cond" truecount="2" falsecount="0"/>
      <line num="22" count="214" type="stmt"/>
      <line num="23" count="214" type="stmt"/>
      <line num="24" count="3" type="cond" truecount="1" falsecount="0"/>
      <line num="25" count="3" type="stmt"/>
      <line num="26" count="3" type="stmt"/>
      <line num="27" count="3" type="stmt"/>
      <line num="28" count="1" type="stmt"/>
      <line num="29" count="689" type="cond" truecount="1" falsecount="0"/>
      <line num="30" count="689" type="cond" truecount="3" falsecount="0"/>
      <line num="31" count="689" type="stmt"/>
      <line num="32" count="1" type="stmt"/>
      <line num="33" count="689" type="cond" truecount="1" falsecount="0"/>
      <line num="34" count="689" type="stmt"/>
      <line num="35" count="689" type="cond" truecount="1" falsecount="0"/>
      <line num="36" count="689" type="stmt"/>
      <line num="37" count="689" type="stmt"/>
      <line num="38" count="689" type="stmt"/>
      <line num="39" count="1" type="stmt"/>
      <line num="40" count="687" type="cond" truecount="1" falsecount="0"/>
      <line num="41" count="687" type="cond" truecount="2" falsecount="0"/>
      <line num="42" count="68" type="cond" truecount="3" falsecount="0"/>
      <line num="43" count="68" type="stmt"/>
      <line num="44" count="619" type="cond" truecount="1" falsecount="0"/>
      <line num="45" count="619" type="stmt"/>
      <line num="46" count="1" type="stmt"/>
      <line num="47" count="689" type="cond" truecount="1" falsecount="0"/>
      <line num="48" count="689" type="stmt"/>
      <line num="49" count="689" type="cond" truecount="1" falsecount="0"/>
      <line num="50" count="1378" type="stmt"/>
      <line num="51" count="1378" type="stmt"/>
      <line num="52" count="689" type="stmt"/>
      <line num="53" count="689" type="stmt"/>
      <line num="54" count="689" type="stmt"/>
      <line num="55" count="689" type="stmt"/>
      <line num="56" count="1" type="stmt"/>
      <line num="57" count="1" type="stmt"/>
      <line num="58" count="1" type="stmt"/>
      <line num="59" count="1" type="stmt"/>
      <line num="60" count="1" type="stmt"/>
      <line num="61" count="1" type="stmt"/>
      <line num="62" count="1" type="stmt"/>
      <line num="63" count="1" type="cond" truecount="1" falsecount="0"/>
      <line num="64" count="689" type="stmt"/>
      <line num="65" count="689" type="stmt"/>
      <line num="66" count="1" type="stmt"/>
      <line num="67" count="1" type="cond" truecount="1" falsecount="0"/>
      <line num="68" count="1985" type="cond" truecount="1" falsecount="0"/>
      <line num="69" count="3322" type="cond" truecount="2" falsecount="0"/>
      <line num="70" count="1985" type="stmt"/>
      <line num="71" count="1985" type="stmt"/>
      <line num="72" count="1" type="stmt"/>
      <line num="73" count="1" type="cond" truecount="1" falsecount="0"/>
      <line num="74" count="689" type="stmt"/>
      <line num="75" count="689" type="stmt"/>
      <line num="76" count="689" type="stmt"/>
      <line num="77" count="689" type="stmt"/>
      <line num="78" count="689" type="stmt"/>
      <line num="79" count="689" type="cond" truecount="1" falsecount="0"/>
      <line num="80" count="2026" type="stmt"/>
      <line num="81" count="2026" type="cond" truecount="1" falsecount="0"/>
      <line num="82" count="2026" type="stmt"/>
      <line num="83" count="689" type="stmt"/>
      <line num="84" count="689" type="stmt"/>
      <line num="85" count="689" type="stmt"/>
      <line num="86" count="689" type="stmt"/>
      <line num="87" count="689" type="cond" truecount="1" falsecount="0"/>
      <line num="88" count="689" type="cond" truecount="1" falsecount="0"/>
      <line num="89" count="689" type="stmt"/>
      <line num="90" count="689" type="stmt"/>
      <line num="91" count="689" type="cond" truecount="1" falsecount="0"/>
      <line num="92" count="689" type="stmt"/>
      <line num="93" count="1" type="stmt"/>
      <line num="94" count="1" type="cond" truecount="1" falsecount="0"/>
      <line num="95" count="689" type="stmt"/>
      <line num="96" count="689" type="stmt"/>
      <line num="97" count="689" type="cond" truecount="1" falsecount="0"/>
      <line num="98" count="1" type="stmt"/>
      <line num="99" count="1" type="stmt"/>
      <line num="100" count="1" type="stmt"/>
      <line num="101" count="1" type="stmt"/>
      <line num="102" count="689" type="cond" truecount="1" falsecount="0"/>
      <line num="103" count="688" type="stmt"/>
      <line num="104" count="688" type="stmt"/>
      <line num="105" count="688" type="cond" truecount="2" falsecount="0"/>
      <line num="106" count="688" type="stmt"/>
      <line num="107" count="689" type="stmt"/>
      <line num="108" count="689" type="stmt"/>
      <line num="109" count="689" type="stmt"/>
      <line num="110" count="689" type="stmt"/>
      <line num="111" count="689" type="stmt"/>
      <line num="112" count="1" type="stmt"/>
      <line num="113" count="1" type="cond" truecount="1" falsecount="0"/>
      <line num="114" count="215" type="cond" truecount="1" falsecount="0"/>
      <line num="115" count="305" type="cond" truecount="1" falsecount="0"/>
      <line num="116" count="305" type="cond" truecount="1" falsecount="0"/>
      <line num="117" count="305" type="stmt"/>
      <line num="118" count="215" type="stmt"/>
      <line num="119" count="215" type="stmt"/>
      <line num="120" count="1" type="stmt"/>
      <line num="121" count="1" type="cond" truecount="1" falsecount="0"/>
      <line num="122" count="215" type="cond" truecount="1" falsecount="0"/>
      <line num="123" count="305" type="cond" truecount="1" falsecount="0"/>
      <line num="124" count="305" type="cond" truecount="1" falsecount="0"/>
      <line num="125" count="305" type="stmt"/>
      <line num="126" count="215" type="stmt"/>
      <line num="127" count="215" type="stmt"/>
      <line num="128" count="1" type="stmt"/>
      <line num="129" count="1" type="stmt"/>
      <line num="130" count="1" type="stmt"/>
    </file>
    <file name="nameConstruct.ts" path="C:\Users\vpate\OneDrive\Documents\GitHub\unit-system\nameConstruct.ts">
      <metrics statements="17" coveredstatements="17" conditionals="1" coveredconditionals="1" methods="1" coveredmethods="1"/>
      <line num="1" count="1" type="stmt"/>
      <line num="2" count="1" type="stmt"/>
      <line num="3" count="1" type="stmt"/>
      <line num="4" count="1" type="stmt"/>
      <line num="5" count="1" type="stmt"/>
      <line num="6" count="1" type="stmt"/>
      <line num="7" count="1" type="stmt"/>
      <line num="8" count="1" type="stmt"/>
      <line num="9" count="1" type="stmt"/>
      <line num="10" count="1" type="stmt"/>
      <line num="11" count="1" type="stmt"/>
      <line num="12" count="1" type="cond" truecount="1" falsecount="0"/>
      <line num="13" count="687" type="stmt"/>
      <line num="14" count="687" type="stmt"/>
      <line num="15" count="687" type="stmt"/>
      <line num="16" count="687" type="stmt"/>
      <line num="17" count="1" type="stmt"/>
    </file>
    <file name="noneUnit.ts" path="C:\Users\vpate\OneDrive\Documents\GitHub\unit-system\noneUnit.ts">
      <metrics statements="5" coveredstatements="5" conditionals="0" coveredconditionals="0" methods="0" coveredmethods="0"/>
      <line num="1" count="1" type="stmt"/>
      <line num="2" count="1" type="stmt"/>
      <line num="3" count="1" type="stmt"/>
      <line num="4" count="1" type="stmt"/>
      <line num="5" count="1" type="stmt"/>
    </file>
    <file name="relativeUnit.ts" path="C:\Users\vpate\OneDrive\Documents\GitHub\unit-system\relativeUnit.ts">
      <metrics statements="31" coveredstatements="31" conditionals="5" coveredconditionals="5" methods="5" coveredmethods="5"/>
      <line num="1" count="1" type="stmt"/>
      <line num="2" count="1" type="stmt"/>
      <line num="3" count="1" type="stmt"/>
      <line num="4" count="1" type="stmt"/>
      <line num="5" count="1" type="stmt"/>
      <line num="6" count="1" type="stmt"/>
      <line num="7" count="1" type="stmt"/>
      <line num="8" count="1" type="stmt"/>
      <line num="9" count="1" type="cond" truecount="1" falsecount="0"/>
      <line num="10" count="4" type="stmt"/>
      <line num="11" count="4" type="stmt"/>
      <line num="12" count="4" type="stmt"/>
      <line num="13" count="4" type="stmt"/>
      <line num="14" count="4" type="stmt"/>
      <line num="15" count="1" type="stmt"/>
      <line num="16" count="1" type="cond" truecount="1" falsecount="0"/>
      <line num="17" count="125" type="stmt"/>
      <line num="18" count="125" type="stmt"/>
      <line num="19" count="1" type="stmt"/>
      <line num="20" count="1" type="cond" truecount="1" falsecount="0"/>
      <line num="21" count="125" type="stmt"/>
      <line num="22" count="125" type="stmt"/>
      <line num="23" count="1" type="stmt"/>
      <line num="24" count="1" type="cond" truecount="1" falsecount="0"/>
      <line num="25" count="1" type="stmt"/>
      <line num="26" count="1" type="stmt"/>
      <line num="27" count="1" type="stmt"/>
      <line num="28" count="1" type="cond" truecount="1" falsecount="0"/>
      <line num="29" count="2" type="stmt"/>
      <line num="30" count="2" type="stmt"/>
      <line num="31" count="1" type="stmt"/>
    </file>
    <file name="simpleUnit.ts" path="C:\Users\vpate\OneDrive\Documents\GitHub\unit-system\simpleUnit.ts">
      <metrics statements="27" coveredstatements="27" conditionals="3" coveredconditionals="3" methods="3" coveredmethods="3"/>
      <line num="1" count="1" type="stmt"/>
      <line num="2" count="1" type="stmt"/>
      <line num="3" count="1" type="stmt"/>
      <line num="4" count="1" type="stmt"/>
      <line num="5" count="1" type="stmt"/>
      <line num="6" count="1" type="stmt"/>
      <line num="7" count="1" type="stmt"/>
      <line num="8" count="1" type="stmt"/>
      <line num="9" count="1" type="cond" truecount="1" falsecount="0"/>
      <line num="10" count="3" type="stmt"/>
      <line num="11" count="3" type="stmt"/>
      <line num="12" count="3" type="stmt"/>
      <line num="13" count="3" type="stmt"/>
      <line num="14" count="1" type="stmt"/>
      <line num="15" count="1" type="cond" truecount="1" falsecount="0"/>
      <line num="16" count="1" type="cond" truecount="1" falsecount="0"/>
      <line num="17" count="1" type="stmt"/>
      <line num="18" count="1" type="stmt"/>
      <line num="19" count="1" type="stmt"/>
      <line num="20" count="1" type="stmt"/>
      <line num="21" count="1" type="stmt"/>
      <line num="22" count="1" type="stmt"/>
      <line num="23" count="1" type="stmt"/>
      <line num="24" count="1" type="stmt"/>
      <line num="25" count="1" type="stmt"/>
      <line num="26" count="1" type="stmt"/>
      <line num="27" count="1" type="stmt"/>
    </file>
    <file name="unit.ts" path="C:\Users\vpate\OneDrive\Documents\GitHub\unit-system\unit.ts">
      <metrics statements="58" coveredstatements="58" conditionals="13" coveredconditionals="13" methods="5" coveredmethods="5"/>
      <line num="1" count="1" type="stmt"/>
      <line num="2" count="1" type="stmt"/>
      <line num="3" count="1" type="stmt"/>
      <line num="4" count="1" type="stmt"/>
      <line num="5" count="1" type="stmt"/>
      <line num="6" count="1" type="stmt"/>
      <line num="7" count="1" type="stmt"/>
      <line num="8" count="1" type="stmt"/>
      <line num="9" count="1" type="stmt"/>
      <line num="10" count="1" type="stmt"/>
      <line num="11" count="1" type="stmt"/>
      <line num="12" count="1" type="stmt"/>
      <line num="13" count="1" type="stmt"/>
      <line num="14" count="1" type="stmt"/>
      <line num="15" count="1" type="stmt"/>
      <line num="16" count="1" type="cond" truecount="1" falsecount="0"/>
      <line num="17" count="1" type="cond" truecount="1" falsecount="0"/>
      <line num="18" count="1" type="stmt"/>
      <line num="19" count="1" type="stmt"/>
      <line num="20" count="1" type="stmt"/>
      <line num="21" count="1" type="cond" truecount="1" falsecount="0"/>
      <line num="22" count="708" type="stmt"/>
      <line num="23" count="708" type="stmt"/>
      <line num="24" count="708" type="stmt"/>
      <line num="25" count="708" type="stmt"/>
      <line num="26" count="708" type="stmt"/>
      <line num="27" count="708" type="stmt"/>
      <line num="28" count="708" type="stmt"/>
      <line num="29" count="708" type="stmt"/>
      <line num="30" count="708" type="cond" truecount="1" falsecount="0"/>
      <line num="31" count="708" type="cond" truecount="2" falsecount="0"/>
      <line num="32" count="708" type="stmt"/>
      <line num="33" count="708" type="stmt"/>
      <line num="34" count="1" type="stmt"/>
      <line num="35" count="1" type="stmt"/>
      <line num="36" count="1" type="stmt"/>
      <line num="37" count="1" type="stmt"/>
      <line num="38" count="1" type="stmt"/>
      <line num="39" count="1" type="stmt"/>
      <line num="40" count="1" type="stmt"/>
      <line num="41" count="1" type="stmt"/>
      <line num="42" count="1" type="stmt"/>
      <line num="43" count="1" type="stmt"/>
      <line num="44" count="1" type="stmt"/>
      <line num="45" count="1" type="stmt"/>
      <line num="46" count="1" type="stmt"/>
      <line num="47" count="1" type="cond" truecount="1" falsecount="0"/>
      <line num="48" count="352" type="cond" truecount="2" falsecount="0"/>
      <line num="49" count="341" type="stmt"/>
      <line num="50" count="346" type="cond" truecount="1" falsecount="0"/>
      <line num="51" count="11" type="stmt"/>
      <line num="52" count="11" type="stmt"/>
      <line num="53" count="352" type="stmt"/>
      <line num="54" count="1" type="stmt"/>
      <line num="55" count="1" type="cond" truecount="3" falsecount="0"/>
      <line num="56" count="1" type="stmt"/>
      <line num="57" count="1" type="stmt"/>
      <line num="58" count="1" type="stmt"/>
    </file>
    <file name="unitShape.ts" path="C:\Users\vpate\OneDrive\Documents\GitHub\unit-system\unitShape.ts">
      <metrics statements="63" coveredstatements="63" conditionals="24" coveredconditionals="24" methods="7" coveredmethods="7"/>
      <line num="1" count="1" type="stmt"/>
      <line num="2" count="1" type="stmt"/>
      <line num="3" count="1" type="stmt"/>
      <line num="4" count="1" type="stmt"/>
      <line num="5" count="1" type="stmt"/>
      <line num="6" count="1" type="stmt"/>
      <line num="7" count="1" type="stmt"/>
      <line num="8" count="1" type="stmt"/>
      <line num="9" count="4187" type="cond" truecount="1" falsecount="0"/>
      <line num="10" count="4187" type="cond" truecount="1" falsecount="0"/>
      <line num="11" count="16" type="stmt"/>
      <line num="12" count="16" type="stmt"/>
      <line num="13" count="16" type="stmt"/>
      <line num="14" count="4187" type="cond" truecount="2" falsecount="0"/>
      <line num="15" count="696" type="stmt"/>
      <line num="16" count="4171" type="cond" truecount="1" falsecount="0"/>
      <line num="17" count="3475" type="stmt"/>
      <line num="18" count="3475" type="stmt"/>
      <line num="19" count="4187" type="stmt"/>
      <line num="20" count="1" type="stmt"/>
      <line num="21" count="352" type="cond" truecount="1" falsecount="0"/>
      <line num="22" count="352" type="stmt"/>
      <line num="23" count="352" type="cond" truecount="2" falsecount="0"/>
      <line num="24" count="352" type="stmt"/>
      <line num="25" count="352" type="cond" truecount="2" falsecount="0"/>
      <line num="26" count="352" type="stmt"/>
      <line num="27" count="352" type="stmt"/>
      <line num="28" count="1" type="stmt"/>
      <line num="29" count="1" type="stmt"/>
      <line num="30" count="1" type="stmt"/>
      <line num="31" count="1" type="stmt"/>
      <line num="32" count="1" type="cond" truecount="1" falsecount="0"/>
      <line num="33" count="4188" type="cond" truecount="2" falsecount="0"/>
      <line num="34" count="1" type="stmt"/>
      <line num="35" count="1" type="cond" truecount="1" falsecount="0"/>
      <line num="36" count="1" type="stmt"/>
      <line num="37" count="1" type="cond" truecount="1" falsecount="0"/>
      <line num="38" count="1387" type="stmt"/>
      <line num="39" count="1387" type="stmt"/>
      <line num="40" count="1387" type="cond" truecount="1" falsecount="0"/>
      <line num="41" count="1387" type="stmt"/>
      <line num="42" count="1387" type="stmt"/>
      <line num="43" count="1387" type="cond" truecount="2" falsecount="0"/>
      <line num="44" count="1387" type="stmt"/>
      <line num="45" count="1387" type="stmt"/>
      <line num="46" count="1387" type="stmt"/>
      <line num="47" count="1387" type="stmt"/>
      <line num="48" count="1" type="stmt"/>
      <line num="49" count="1" type="cond" truecount="1" falsecount="0"/>
      <line num="50" count="1393" type="cond" truecount="1" falsecount="0"/>
      <line num="51" count="1393" type="stmt"/>
      <line num="52" count="1393" type="stmt"/>
      <line num="53" count="1393" type="stmt"/>
      <line num="54" count="1393" type="stmt"/>
      <line num="55" count="1393" type="stmt"/>
      <line num="56" count="1393" type="stmt"/>
      <line num="57" count="1" type="stmt"/>
      <line num="58" count="1" type="cond" truecount="1" falsecount="0"/>
      <line num="59" count="40" type="cond" truecount="3" falsecount="0"/>
      <line num="60" count="40" type="stmt"/>
      <line num="61" count="1" type="stmt"/>
      <line num="62" count="1" type="stmt"/>
      <line num="63" count="1" type="stmt"/>
    </file>
  </project>
</coverage>
