<?xml version="1.0" encoding="UTF-8"?>
<coverage generated="1731775905164" clover="3.2.0">
  <project timestamp="1731775905165" name="All files">
    <metrics statements="417" coveredstatements="414" conditionals="103" coveredconditionals="103" methods="46" coveredmethods="45" elements="566" coveredelements="562" complexity="0" loc="417" ncloc="417" packages="2" files="9" classes="9"/>
    <package name="unit-system">
      <metrics statements="384" coveredstatements="384" conditionals="99" coveredconditionals="99" methods="44" coveredmethods="44"/>
      <file name="baseSIUnit.ts" path="C:\Users\vpate\OneDrive\Documents\GitHub\unit-system\baseSIUnit.ts">
        <metrics statements="15" coveredstatements="15" conditionals="3" coveredconditionals="3" methods="3" coveredmethods="3"/>
        <line num="1" count="1" type="stmt"/>
        <line num="2" count="1" type="stmt"/>
        <line num="3" count="1" type="stmt"/>
        <line num="4" count="1" type="stmt"/>
        <line num="5" count="1" type="stmt"/>
        <line num="6" count="1" type="stmt"/>
        <line num="7" count="1" type="cond" truecount="1" falsecount="0"/>
        <line num="8" count="14" type="stmt"/>
        <line num="9" count="14" type="stmt"/>
        <line num="10" count="1" type="stmt"/>
        <line num="11" count="1" type="cond" truecount="1" falsecount="0"/>
        <line num="12" count="1" type="cond" truecount="1" falsecount="0"/>
        <line num="13" count="1" type="stmt"/>
        <line num="14" count="1" type="stmt"/>
        <line num="15" count="1" type="stmt"/>
      </file>
      <file name="combinationUnit.ts" path="C:\Users\vpate\OneDrive\Documents\GitHub\unit-system\combinationUnit.ts">
        <metrics statements="157" coveredstatements="157" conditionals="51" coveredconditionals="51" methods="14" coveredmethods="14"/>
        <line num="1" count="1" type="stmt"/>
        <line num="2" count="1" type="stmt"/>
        <line num="3" count="1" type="stmt"/>
        <line num="4" count="1" type="stmt"/>
        <line num="5" count="1" type="stmt"/>
        <line num="6" count="1" type="stmt"/>
        <line num="7" count="1" type="stmt"/>
        <line num="8" count="1" type="stmt"/>
        <line num="9" count="1" type="stmt"/>
        <line num="10" count="1" type="stmt"/>
        <line num="11" count="1" type="stmt"/>
        <line num="12" count="1" type="stmt"/>
        <line num="13" count="1" type="stmt"/>
        <line num="14" count="1" type="stmt"/>
        <line num="15" count="931" type="cond" truecount="1" falsecount="0"/>
        <line num="16" count="931" type="stmt"/>
        <line num="17" count="931" type="cond" truecount="2" falsecount="0"/>
        <line num="18" count="108" type="stmt"/>
        <line num="19" count="931" type="cond" truecount="3" falsecount="0"/>
        <line num="20" count="240" type="stmt"/>
        <line num="21" count="240" type="stmt"/>
        <line num="22" count="583" type="cond" truecount="1" falsecount="0"/>
        <line num="23" count="583" type="stmt"/>
        <line num="24" count="931" type="cond" truecount="1" falsecount="0"/>
        <line num="25" count="366" type="stmt"/>
        <line num="26" count="931" type="cond" truecount="2" falsecount="0"/>
        <line num="27" count="214" type="stmt"/>
        <line num="28" count="214" type="stmt"/>
        <line num="29" count="3" type="cond" truecount="1" falsecount="0"/>
        <line num="30" count="3" type="stmt"/>
        <line num="31" count="3" type="stmt"/>
        <line num="32" count="3" type="stmt"/>
        <line num="33" count="1" type="stmt"/>
        <line num="34" count="689" type="cond" truecount="1" falsecount="0"/>
        <line num="35" count="689" type="cond" truecount="3" falsecount="0"/>
        <line num="36" count="689" type="stmt"/>
        <line num="37" count="1" type="stmt"/>
        <line num="38" count="1" type="stmt"/>
        <line num="39" count="1" type="stmt"/>
        <line num="40" count="1378" type="cond" truecount="1" falsecount="0"/>
        <line num="41" count="1378" type="stmt"/>
        <line num="42" count="1378" type="stmt"/>
        <line num="43" count="1" type="stmt"/>
        <line num="44" count="1" type="stmt"/>
        <line num="45" count="1" type="stmt"/>
        <line num="46" count="1" type="stmt"/>
        <line num="47" count="1" type="stmt"/>
        <line num="48" count="1" type="stmt"/>
        <line num="49" count="1" type="stmt"/>
        <line num="50" count="1" type="stmt"/>
        <line num="51" count="1" type="stmt"/>
        <line num="52" count="1" type="stmt"/>
        <line num="53" count="1" type="stmt"/>
        <line num="54" count="1" type="stmt"/>
        <line num="55" count="1" type="stmt"/>
        <line num="56" count="1" type="stmt"/>
        <line num="57" count="1" type="stmt"/>
        <line num="58" count="1" type="stmt"/>
        <line num="59" count="689" type="cond" truecount="1" falsecount="0"/>
        <line num="60" count="689" type="stmt"/>
        <line num="61" count="689" type="stmt"/>
        <line num="62" count="689" type="stmt"/>
        <line num="63" count="689" type="stmt"/>
        <line num="64" count="689" type="stmt"/>
        <line num="65" count="689" type="stmt"/>
        <line num="66" count="1" type="stmt"/>
        <line num="67" count="687" type="cond" truecount="1" falsecount="0"/>
        <line num="68" count="687" type="cond" truecount="2" falsecount="0"/>
        <line num="69" count="68" type="cond" truecount="3" falsecount="0"/>
        <line num="70" count="68" type="stmt"/>
        <line num="71" count="619" type="cond" truecount="1" falsecount="0"/>
        <line num="72" count="619" type="stmt"/>
        <line num="73" count="1" type="stmt"/>
        <line num="74" count="689" type="cond" truecount="1" falsecount="0"/>
        <line num="75" count="689" type="stmt"/>
        <line num="76" count="689" type="cond" truecount="1" falsecount="0"/>
        <line num="77" count="1378" type="stmt"/>
        <line num="78" count="1378" type="stmt"/>
        <line num="79" count="689" type="stmt"/>
        <line num="80" count="689" type="stmt"/>
        <line num="81" count="689" type="stmt"/>
        <line num="82" count="689" type="stmt"/>
        <line num="83" count="1" type="stmt"/>
        <line num="84" count="1" type="stmt"/>
        <line num="85" count="1" type="cond" truecount="1" falsecount="0"/>
        <line num="86" count="1" type="stmt"/>
        <line num="87" count="1" type="stmt"/>
        <line num="88" count="1" type="stmt"/>
        <line num="89" count="1" type="stmt"/>
        <line num="90" count="1" type="cond" truecount="1" falsecount="0"/>
        <line num="91" count="689" type="stmt"/>
        <line num="92" count="689" type="stmt"/>
        <line num="93" count="1" type="stmt"/>
        <line num="94" count="1" type="cond" truecount="1" falsecount="0"/>
        <line num="95" count="1985" type="cond" truecount="1" falsecount="0"/>
        <line num="96" count="3322" type="cond" truecount="2" falsecount="0"/>
        <line num="97" count="1985" type="stmt"/>
        <line num="98" count="1985" type="stmt"/>
        <line num="99" count="1" type="stmt"/>
        <line num="100" count="1" type="cond" truecount="1" falsecount="0"/>
        <line num="101" count="689" type="stmt"/>
        <line num="102" count="689" type="stmt"/>
        <line num="103" count="689" type="stmt"/>
        <line num="104" count="689" type="stmt"/>
        <line num="105" count="689" type="stmt"/>
        <line num="106" count="689" type="cond" truecount="1" falsecount="0"/>
        <line num="107" count="2026" type="stmt"/>
        <line num="108" count="2026" type="cond" truecount="1" falsecount="0"/>
        <line num="109" count="2026" type="stmt"/>
        <line num="110" count="689" type="stmt"/>
        <line num="111" count="689" type="stmt"/>
        <line num="112" count="689" type="stmt"/>
        <line num="113" count="689" type="stmt"/>
        <line num="114" count="689" type="cond" truecount="1" falsecount="0"/>
        <line num="115" count="689" type="cond" truecount="1" falsecount="0"/>
        <line num="116" count="689" type="stmt"/>
        <line num="117" count="689" type="stmt"/>
        <line num="118" count="689" type="cond" truecount="1" falsecount="0"/>
        <line num="119" count="689" type="stmt"/>
        <line num="120" count="1" type="stmt"/>
        <line num="121" count="1" type="cond" truecount="1" falsecount="0"/>
        <line num="122" count="689" type="stmt"/>
        <line num="123" count="689" type="stmt"/>
        <line num="124" count="689" type="cond" truecount="1" falsecount="0"/>
        <line num="125" count="1" type="stmt"/>
        <line num="126" count="1" type="stmt"/>
        <line num="127" count="1" type="stmt"/>
        <line num="128" count="1" type="stmt"/>
        <line num="129" count="689" type="cond" truecount="1" falsecount="0"/>
        <line num="130" count="688" type="stmt"/>
        <line num="131" count="688" type="stmt"/>
        <line num="132" count="688" type="cond" truecount="2" falsecount="0"/>
        <line num="133" count="688" type="stmt"/>
        <line num="134" count="689" type="stmt"/>
        <line num="135" count="689" type="stmt"/>
        <line num="136" count="689" type="stmt"/>
        <line num="137" count="689" type="stmt"/>
        <line num="138" count="689" type="stmt"/>
        <line num="139" count="1" type="stmt"/>
        <line num="140" count="1" type="cond" truecount="1" falsecount="0"/>
        <line num="141" count="215" type="cond" truecount="1" falsecount="0"/>
        <line num="142" count="305" type="cond" truecount="1" falsecount="0"/>
        <line num="143" count="305" type="cond" truecount="1" falsecount="0"/>
        <line num="144" count="305" type="stmt"/>
        <line num="145" count="215" type="stmt"/>
        <line num="146" count="215" type="stmt"/>
        <line num="147" count="1" type="stmt"/>
        <line num="148" count="1" type="cond" truecount="1" falsecount="0"/>
        <line num="149" count="215" type="cond" truecount="1" falsecount="0"/>
        <line num="150" count="305" type="cond" truecount="1" falsecount="0"/>
        <line num="151" count="305" type="cond" truecount="1" falsecount="0"/>
        <line num="152" count="305" type="stmt"/>
        <line num="153" count="215" type="stmt"/>
        <line num="154" count="215" type="stmt"/>
        <line num="155" count="1" type="stmt"/>
        <line num="156" count="1" type="stmt"/>
        <line num="157" count="1" type="stmt"/>
      </file>
      <file name="nameConstruct.ts" path="C:\Users\vpate\OneDrive\Documents\GitHub\unit-system\nameConstruct.ts">
        <metrics statements="17" coveredstatements="17" conditionals="2" coveredconditionals="2" methods="2" coveredmethods="2"/>
        <line num="1" count="1" type="stmt"/>
        <line num="2" count="1" type="stmt"/>
        <line num="3" count="1" type="stmt"/>
        <line num="4" count="1" type="stmt"/>
        <line num="5" count="1" type="stmt"/>
        <line num="6" count="1" type="stmt"/>
        <line num="7" count="689" type="cond" truecount="1" falsecount="0"/>
        <line num="8" count="689" type="stmt"/>
        <line num="9" count="689" type="stmt"/>
        <line num="10" count="689" type="stmt"/>
        <line num="11" count="689" type="stmt"/>
        <line num="12" count="689" type="cond" truecount="1" falsecount="0"/>
        <line num="13" count="689" type="stmt"/>
        <line num="14" count="689" type="stmt"/>
        <line num="15" count="689" type="stmt"/>
        <line num="16" count="689" type="stmt"/>
        <line num="17" count="689" type="stmt"/>
      </file>
      <file name="noneUnit.ts" path="C:\Users\vpate\OneDrive\Documents\GitHub\unit-system\noneUnit.ts">
        <metrics statements="5" coveredstatements="5" conditionals="0" coveredconditionals="0" methods="0" coveredmethods="0"/>
        <line num="1" count="1" type="stmt"/>
        <line num="2" count="1" type="stmt"/>
        <line num="3" count="1" type="stmt"/>
        <line num="4" count="1" type="stmt"/>
        <line num="5" count="1" type="stmt"/>
      </file>
      <file name="relativeUnit.ts" path="C:\Users\vpate\OneDrive\Documents\GitHub\unit-system\relativeUnit.ts">
        <metrics statements="32" coveredstatements="32" conditionals="6" coveredconditionals="6" methods="6" coveredmethods="6"/>
        <line num="1" count="1" type="stmt"/>
        <line num="2" count="1" type="stmt"/>
        <line num="3" count="1" type="stmt"/>
        <line num="4" count="1" type="stmt"/>
        <line num="5" count="4" type="cond" truecount="1" falsecount="0"/>
        <line num="6" count="4" type="stmt"/>
        <line num="7" count="4" type="stmt"/>
        <line num="8" count="4" type="stmt"/>
        <line num="9" count="4" type="stmt"/>
        <line num="10" count="4" type="cond" truecount="1" falsecount="0"/>
        <line num="11" count="4" type="stmt"/>
        <line num="12" count="4" type="stmt"/>
        <line num="13" count="4" type="stmt"/>
        <line num="14" count="4" type="stmt"/>
        <line num="15" count="4" type="stmt"/>
        <line num="16" count="4" type="stmt"/>
        <line num="17" count="4" type="cond" truecount="1" falsecount="0"/>
        <line num="18" count="125" type="stmt"/>
        <line num="19" count="125" type="stmt"/>
        <line num="20" count="4" type="stmt"/>
        <line num="21" count="4" type="cond" truecount="1" falsecount="0"/>
        <line num="22" count="125" type="stmt"/>
        <line num="23" count="125" type="stmt"/>
        <line num="24" count="4" type="stmt"/>
        <line num="25" count="4" type="cond" truecount="1" falsecount="0"/>
        <line num="26" count="1" type="stmt"/>
        <line num="27" count="1" type="stmt"/>
        <line num="28" count="4" type="stmt"/>
        <line num="29" count="4" type="cond" truecount="1" falsecount="0"/>
        <line num="30" count="2" type="stmt"/>
        <line num="31" count="2" type="stmt"/>
        <line num="32" count="4" type="stmt"/>
      </file>
      <file name="simpleUnit.ts" path="C:\Users\vpate\OneDrive\Documents\GitHub\unit-system\simpleUnit.ts">
        <metrics statements="19" coveredstatements="19" conditionals="4" coveredconditionals="4" methods="4" coveredmethods="4"/>
        <line num="1" count="1" type="stmt"/>
        <line num="2" count="1" type="stmt"/>
        <line num="3" count="1" type="stmt"/>
        <line num="4" count="1" type="stmt"/>
        <line num="5" count="3" type="cond" truecount="1" falsecount="0"/>
        <line num="6" count="3" type="stmt"/>
        <line num="7" count="3" type="stmt"/>
        <line num="8" count="3" type="stmt"/>
        <line num="9" count="3" type="cond" truecount="1" falsecount="0"/>
        <line num="10" count="3" type="stmt"/>
        <line num="11" count="3" type="stmt"/>
        <line num="12" count="3" type="stmt"/>
        <line num="13" count="3" type="stmt"/>
        <line num="14" count="3" type="stmt"/>
        <line num="15" count="3" type="cond" truecount="1" falsecount="0"/>
        <line num="16" count="3" type="cond" truecount="1" falsecount="0"/>
        <line num="17" count="3" type="stmt"/>
        <line num="18" count="1" type="stmt"/>
        <line num="19" count="1" type="stmt"/>
      </file>
      <file name="unit.ts" path="C:\Users\vpate\OneDrive\Documents\GitHub\unit-system\unit.ts">
        <metrics statements="58" coveredstatements="58" conditionals="13" coveredconditionals="13" methods="6" coveredmethods="6"/>
        <line num="1" count="1" type="stmt"/>
        <line num="2" count="1" type="stmt"/>
        <line num="3" count="1" type="stmt"/>
        <line num="4" count="1" type="stmt"/>
        <line num="5" count="1" type="stmt"/>
        <line num="6" count="1" type="stmt"/>
        <line num="7" count="1" type="stmt"/>
        <line num="8" count="1" type="stmt"/>
        <line num="9" count="1" type="stmt"/>
        <line num="10" count="710" type="cond" truecount="1" falsecount="0"/>
        <line num="11" count="710" type="stmt"/>
        <line num="12" count="710" type="stmt"/>
        <line num="13" count="710" type="stmt"/>
        <line num="14" count="710" type="stmt"/>
        <line num="15" count="710" type="stmt"/>
        <line num="16" count="710" type="cond" truecount="1" falsecount="0"/>
        <line num="17" count="710" type="cond" truecount="1" falsecount="0"/>
        <line num="18" count="710" type="stmt"/>
        <line num="19" count="710" type="stmt"/>
        <line num="20" count="710" type="stmt"/>
        <line num="21" count="710" type="cond" truecount="1" falsecount="0"/>
        <line num="22" count="710" type="stmt"/>
        <line num="23" count="710" type="stmt"/>
        <line num="24" count="710" type="stmt"/>
        <line num="25" count="710" type="stmt"/>
        <line num="26" count="710" type="stmt"/>
        <line num="27" count="710" type="stmt"/>
        <line num="28" count="710" type="stmt"/>
        <line num="29" count="710" type="stmt"/>
        <line num="30" count="710" type="cond" truecount="1" falsecount="0"/>
        <line num="31" count="710" type="cond" truecount="2" falsecount="0"/>
        <line num="32" count="710" type="stmt"/>
        <line num="33" count="710" type="stmt"/>
        <line num="34" count="710" type="stmt"/>
        <line num="35" count="710" type="stmt"/>
        <line num="36" count="710" type="stmt"/>
        <line num="37" count="710" type="stmt"/>
        <line num="38" count="710" type="stmt"/>
        <line num="39" count="710" type="stmt"/>
        <line num="40" count="710" type="stmt"/>
        <line num="41" count="710" type="stmt"/>
        <line num="42" count="710" type="stmt"/>
        <line num="43" count="710" type="stmt"/>
        <line num="44" count="710" type="stmt"/>
        <line num="45" count="710" type="stmt"/>
        <line num="46" count="710" type="stmt"/>
        <line num="47" count="710" type="cond" truecount="1" falsecount="0"/>
        <line num="48" count="346" type="cond" truecount="1" falsecount="0"/>
        <line num="49" count="341" type="stmt"/>
        <line num="50" count="346" type="cond" truecount="1" falsecount="0"/>
        <line num="51" count="5" type="stmt"/>
        <line num="52" count="5" type="stmt"/>
        <line num="53" count="346" type="stmt"/>
        <line num="54" count="710" type="stmt"/>
        <line num="55" count="710" type="cond" truecount="3" falsecount="0"/>
        <line num="56" count="710" type="stmt"/>
        <line num="57" count="1" type="stmt"/>
        <line num="58" count="1" type="stmt"/>
      </file>
      <file name="unitShape.ts" path="C:\Users\vpate\OneDrive\Documents\GitHub\unit-system\unitShape.ts">
        <metrics statements="81" coveredstatements="81" conditionals="20" coveredconditionals="20" methods="9" coveredmethods="9"/>
        <line num="1" count="1" type="stmt"/>
        <line num="2" count="1" type="stmt"/>
        <line num="3" count="1" type="stmt"/>
        <line num="4" count="1" type="stmt"/>
        <line num="5" count="1" type="stmt"/>
        <line num="6" count="1" type="stmt"/>
        <line num="7" count="1" type="stmt"/>
        <line num="8" count="1" type="stmt"/>
        <line num="9" count="1" type="stmt"/>
        <line num="10" count="346" type="cond" truecount="1" falsecount="0"/>
        <line num="11" count="346" type="stmt"/>
        <line num="12" count="346" type="cond" truecount="2" falsecount="0"/>
        <line num="13" count="346" type="stmt"/>
        <line num="14" count="346" type="cond" truecount="2" falsecount="0"/>
        <line num="15" count="346" type="stmt"/>
        <line num="16" count="346" type="stmt"/>
        <line num="17" count="1" type="stmt"/>
        <line num="18" count="1" type="stmt"/>
        <line num="19" count="1" type="stmt"/>
        <line num="20" count="1" type="stmt"/>
        <line num="21" count="1" type="stmt"/>
        <line num="22" count="1" type="stmt"/>
        <line num="23" count="1" type="stmt"/>
        <line num="24" count="1" type="stmt"/>
        <line num="25" count="1" type="stmt"/>
        <line num="26" count="1" type="stmt"/>
        <line num="27" count="1" type="stmt"/>
        <line num="28" count="1" type="stmt"/>
        <line num="29" count="1" type="stmt"/>
        <line num="30" count="1" type="stmt"/>
        <line num="31" count="1" type="stmt"/>
        <line num="32" count="1" type="stmt"/>
        <line num="33" count="1" type="stmt"/>
        <line num="34" count="1" type="stmt"/>
        <line num="35" count="1" type="stmt"/>
        <line num="36" count="1" type="stmt"/>
        <line num="37" count="3494" type="cond" truecount="1" falsecount="0"/>
        <line num="38" count="3494" type="stmt"/>
        <line num="39" count="3494" type="stmt"/>
        <line num="40" count="3494" type="cond" truecount="1" falsecount="0"/>
        <line num="41" count="18" type="stmt"/>
        <line num="42" count="18" type="stmt"/>
        <line num="43" count="3494" type="stmt"/>
        <line num="44" count="3494" type="cond" truecount="1" falsecount="0"/>
        <line num="45" count="18" type="stmt"/>
        <line num="46" count="18" type="stmt"/>
        <line num="47" count="3494" type="stmt"/>
        <line num="48" count="3494" type="cond" truecount="1" falsecount="0"/>
        <line num="49" count="3494" type="stmt"/>
        <line num="50" count="3494" type="stmt"/>
        <line num="51" count="3494" type="stmt"/>
        <line num="52" count="3494" type="cond" truecount="1" falsecount="0"/>
        <line num="53" count="3494" type="stmt"/>
        <line num="54" count="3494" type="cond" truecount="1" falsecount="0"/>
        <line num="55" count="1387" type="stmt"/>
        <line num="56" count="1387" type="stmt"/>
        <line num="57" count="1387" type="cond" truecount="1" falsecount="0"/>
        <line num="58" count="1387" type="stmt"/>
        <line num="59" count="1387" type="stmt"/>
        <line num="60" count="1387" type="cond" truecount="2" falsecount="0"/>
        <line num="61" count="1387" type="stmt"/>
        <line num="62" count="1387" type="stmt"/>
        <line num="63" count="1387" type="stmt"/>
        <line num="64" count="1387" type="stmt"/>
        <line num="65" count="3494" type="stmt"/>
        <line num="66" count="3494" type="cond" truecount="1" falsecount="0"/>
        <line num="67" count="1393" type="stmt"/>
        <line num="68" count="1393" type="cond" truecount="1" falsecount="0"/>
        <line num="69" count="1393" type="stmt"/>
        <line num="70" count="1393" type="stmt"/>
        <line num="71" count="1393" type="stmt"/>
        <line num="72" count="1393" type="stmt"/>
        <line num="73" count="1393" type="stmt"/>
        <line num="74" count="1393" type="stmt"/>
        <line num="75" count="3494" type="stmt"/>
        <line num="76" count="3494" type="cond" truecount="1" falsecount="0"/>
        <line num="77" count="28" type="cond" truecount="3" falsecount="0"/>
        <line num="78" count="28" type="stmt"/>
        <line num="79" count="3494" type="stmt"/>
        <line num="80" count="1" type="stmt"/>
        <line num="81" count="1" type="stmt"/>
      </file>
    </package>
    <package name="unit-system.ts-number-literal-type-arithmetic">
      <metrics statements="33" coveredstatements="30" conditionals="4" coveredconditionals="4" methods="2" coveredmethods="1"/>
      <file name="_generate-arithmetic-type.ts" path="C:\Users\vpate\OneDrive\Documents\GitHub\unit-system\ts-number-literal-type-arithmetic\_generate-arithmetic-type.ts">
        <metrics statements="33" coveredstatements="30" conditionals="4" coveredconditionals="4" methods="2" coveredmethods="1"/>
        <line num="1" count="2" type="cond" truecount="1" falsecount="0"/>
        <line num="2" count="2" type="stmt"/>
        <line num="3" count="2" type="stmt"/>
        <line num="4" count="2" type="stmt"/>
        <line num="5" count="2" type="stmt"/>
        <line num="6" count="2" type="stmt"/>
        <line num="7" count="2" type="stmt"/>
        <line num="8" count="2" type="stmt"/>
        <line num="9" count="2" type="stmt"/>
        <line num="10" count="2" type="cond" truecount="1" falsecount="0"/>
        <line num="11" count="3" type="stmt"/>
        <line num="12" count="3" type="stmt"/>
        <line num="13" count="2" type="stmt"/>
        <line num="14" count="2" type="cond" truecount="1" falsecount="0"/>
        <line num="15" count="8" type="cond" truecount="1" falsecount="0"/>
        <line num="16" count="8" type="stmt"/>
        <line num="17" count="8" type="stmt"/>
        <line num="18" count="2" type="stmt"/>
        <line num="19" count="2" type="stmt"/>
        <line num="20" count="2" type="stmt"/>
        <line num="21" count="2" type="stmt"/>
        <line num="22" count="2" type="stmt"/>
        <line num="23" count="2" type="stmt"/>
        <line num="24" count="2" type="stmt"/>
        <line num="25" count="2" type="stmt"/>
        <line num="26" count="1" type="stmt"/>
        <line num="27" count="1" type="stmt"/>
        <line num="28" count="0" type="stmt"/>
        <line num="29" count="0" type="stmt"/>
        <line num="30" count="0" type="stmt"/>
        <line num="31" count="1" type="stmt"/>
        <line num="32" count="1" type="stmt"/>
        <line num="33" count="1" type="stmt"/>
      </file>
    </package>
  </project>
</coverage>
