{"C:\\Users\\vpate\\OneDrive\\Documents\\GitHub\\unit-system\\baseSIUnit.ts": {"path":"C:\\Users\\vpate\\OneDrive\\Documents\\GitHub\\unit-system\\baseSIUnit.ts","all":false,"statementMap":{"0":{"start":{"line":1,"column":0},"end":{"line":1,"column":48}},"1":{"start":{"line":2,"column":0},"end":{"line":2,"column":25}},"2":{"start":{"line":3,"column":0},"end":{"line":3,"column":68}},"3":{"start":{"line":4,"column":0},"end":{"line":4,"column":0}},"4":{"start":{"line":5,"column":0},"end":{"line":5,"column":38}},"5":{"start":{"line":6,"column":0},"end":{"line":6,"column":0}},"6":{"start":{"line":7,"column":0},"end":{"line":7,"column":93}},"7":{"start":{"line":8,"column":0},"end":{"line":8,"column":74}},"8":{"start":{"line":9,"column":0},"end":{"line":9,"column":5}},"9":{"start":{"line":10,"column":0},"end":{"line":10,"column":0}},"10":{"start":{"line":11,"column":0},"end":{"line":11,"column":78}},"11":{"start":{"line":12,"column":0},"end":{"line":12,"column":76}},"12":{"start":{"line":13,"column":0},"end":{"line":13,"column":1}},"13":{"start":{"line":14,"column":0},"end":{"line":14,"column":0}},"14":{"start":{"line":15,"column":0},"end":{"line":15,"column":25}}},"s":{"0":1,"1":1,"2":1,"3":1,"4":1,"5":1,"6":1,"7":12,"8":12,"9":1,"10":1,"11":1,"12":1,"13":1,"14":1},"branchMap":{"0":{"type":"branch","line":7,"loc":{"start":{"line":7,"column":4},"end":{"line":9,"column":5}},"locations":[{"start":{"line":7,"column":4},"end":{"line":9,"column":5}}]},"1":{"type":"branch","line":11,"loc":{"start":{"line":11,"column":4},"end":{"line":11,"column":78}},"locations":[{"start":{"line":11,"column":4},"end":{"line":11,"column":78}}]},"2":{"type":"branch","line":12,"loc":{"start":{"line":12,"column":4},"end":{"line":12,"column":76}},"locations":[{"start":{"line":12,"column":4},"end":{"line":12,"column":76}}]}},"b":{"0":[12],"1":[322],"2":[312]},"fnMap":{"0":{"name":"BaseSIUnit","decl":{"start":{"line":7,"column":4},"end":{"line":9,"column":5}},"loc":{"start":{"line":7,"column":4},"end":{"line":9,"column":5}},"line":7},"1":{"name":"toBaseSI","decl":{"start":{"line":11,"column":4},"end":{"line":11,"column":78}},"loc":{"start":{"line":11,"column":4},"end":{"line":11,"column":78}},"line":11},"2":{"name":"fromBaseSI","decl":{"start":{"line":12,"column":4},"end":{"line":12,"column":76}},"loc":{"start":{"line":12,"column":4},"end":{"line":12,"column":76}},"line":12}},"f":{"0":12,"1":322,"2":312}}
,"C:\\Users\\vpate\\OneDrive\\Documents\\GitHub\\unit-system\\combinationUnit.ts": {"path":"C:\\Users\\vpate\\OneDrive\\Documents\\GitHub\\unit-system\\combinationUnit.ts","all":false,"statementMap":{"0":{"start":{"line":1,"column":0},"end":{"line":1,"column":68}},"1":{"start":{"line":2,"column":0},"end":{"line":2,"column":50}},"2":{"start":{"line":3,"column":0},"end":{"line":3,"column":54}},"3":{"start":{"line":4,"column":0},"end":{"line":4,"column":0}},"4":{"start":{"line":5,"column":0},"end":{"line":5,"column":31}},"5":{"start":{"line":6,"column":0},"end":{"line":6,"column":34}},"6":{"start":{"line":7,"column":0},"end":{"line":7,"column":0}},"7":{"start":{"line":8,"column":0},"end":{"line":8,"column":135}},"8":{"start":{"line":9,"column":0},"end":{"line":9,"column":60}},"9":{"start":{"line":10,"column":0},"end":{"line":10,"column":81}},"10":{"start":{"line":11,"column":0},"end":{"line":11,"column":45}},"11":{"start":{"line":12,"column":0},"end":{"line":12,"column":37}},"12":{"start":{"line":13,"column":0},"end":{"line":13,"column":34}},"13":{"start":{"line":14,"column":0},"end":{"line":14,"column":42}},"14":{"start":{"line":15,"column":0},"end":{"line":15,"column":34}},"15":{"start":{"line":16,"column":0},"end":{"line":16,"column":5}},"16":{"start":{"line":17,"column":0},"end":{"line":17,"column":0}},"17":{"start":{"line":18,"column":0},"end":{"line":18,"column":44}},"18":{"start":{"line":19,"column":0},"end":{"line":19,"column":34}},"19":{"start":{"line":20,"column":0},"end":{"line":20,"column":34}},"20":{"start":{"line":21,"column":0},"end":{"line":21,"column":41}},"21":{"start":{"line":22,"column":0},"end":{"line":22,"column":34}},"22":{"start":{"line":23,"column":0},"end":{"line":23,"column":5}},"23":{"start":{"line":24,"column":0},"end":{"line":24,"column":0}},"24":{"start":{"line":25,"column":0},"end":{"line":25,"column":39}},"25":{"start":{"line":26,"column":0},"end":{"line":26,"column":26}},"26":{"start":{"line":27,"column":0},"end":{"line":27,"column":1}},"27":{"start":{"line":28,"column":0},"end":{"line":28,"column":0}},"28":{"start":{"line":29,"column":0},"end":{"line":29,"column":53}},"29":{"start":{"line":30,"column":0},"end":{"line":30,"column":104}},"30":{"start":{"line":31,"column":0},"end":{"line":31,"column":1}},"31":{"start":{"line":32,"column":0},"end":{"line":32,"column":0}},"32":{"start":{"line":33,"column":0},"end":{"line":33,"column":57}},"33":{"start":{"line":34,"column":0},"end":{"line":34,"column":40}},"34":{"start":{"line":35,"column":0},"end":{"line":35,"column":80}},"35":{"start":{"line":36,"column":0},"end":{"line":36,"column":25}},"36":{"start":{"line":37,"column":0},"end":{"line":37,"column":5}},"37":{"start":{"line":38,"column":0},"end":{"line":38,"column":1}},"38":{"start":{"line":39,"column":0},"end":{"line":39,"column":0}},"39":{"start":{"line":40,"column":0},"end":{"line":40,"column":73}},"40":{"start":{"line":41,"column":0},"end":{"line":41,"column":71}},"41":{"start":{"line":42,"column":0},"end":{"line":42,"column":124}},"42":{"start":{"line":43,"column":0},"end":{"line":43,"column":5}},"43":{"start":{"line":44,"column":0},"end":{"line":44,"column":20}},"44":{"start":{"line":45,"column":0},"end":{"line":45,"column":1}},"45":{"start":{"line":46,"column":0},"end":{"line":46,"column":0}},"46":{"start":{"line":47,"column":0},"end":{"line":47,"column":71}},"47":{"start":{"line":48,"column":0},"end":{"line":48,"column":49}},"48":{"start":{"line":49,"column":0},"end":{"line":49,"column":55}},"49":{"start":{"line":50,"column":0},"end":{"line":50,"column":54}},"50":{"start":{"line":51,"column":0},"end":{"line":51,"column":73}},"51":{"start":{"line":52,"column":0},"end":{"line":52,"column":11}},"52":{"start":{"line":53,"column":0},"end":{"line":53,"column":49}},"53":{"start":{"line":54,"column":0},"end":{"line":54,"column":5}},"54":{"start":{"line":55,"column":0},"end":{"line":55,"column":1}},"55":{"start":{"line":56,"column":0},"end":{"line":56,"column":0}},"56":{"start":{"line":57,"column":0},"end":{"line":57,"column":43}},"57":{"start":{"line":58,"column":0},"end":{"line":58,"column":60}},"58":{"start":{"line":59,"column":0},"end":{"line":59,"column":0}},"59":{"start":{"line":60,"column":0},"end":{"line":60,"column":26}},"60":{"start":{"line":61,"column":0},"end":{"line":61,"column":34}},"61":{"start":{"line":62,"column":0},"end":{"line":62,"column":0}},"62":{"start":{"line":63,"column":0},"end":{"line":63,"column":72}},"63":{"start":{"line":64,"column":0},"end":{"line":64,"column":45}},"64":{"start":{"line":65,"column":0},"end":{"line":65,"column":5}},"65":{"start":{"line":66,"column":0},"end":{"line":66,"column":0}},"66":{"start":{"line":67,"column":0},"end":{"line":67,"column":75}},"67":{"start":{"line":68,"column":0},"end":{"line":68,"column":62}},"68":{"start":{"line":69,"column":0},"end":{"line":69,"column":133}},"69":{"start":{"line":70,"column":0},"end":{"line":70,"column":14}},"70":{"start":{"line":71,"column":0},"end":{"line":71,"column":5}},"71":{"start":{"line":72,"column":0},"end":{"line":72,"column":0}},"72":{"start":{"line":73,"column":0},"end":{"line":73,"column":75}},"73":{"start":{"line":74,"column":0},"end":{"line":74,"column":62}},"74":{"start":{"line":75,"column":0},"end":{"line":75,"column":74}},"75":{"start":{"line":76,"column":0},"end":{"line":76,"column":0}},"76":{"start":{"line":77,"column":0},"end":{"line":77,"column":42}},"77":{"start":{"line":78,"column":0},"end":{"line":78,"column":62}},"78":{"start":{"line":79,"column":0},"end":{"line":79,"column":51}},"79":{"start":{"line":80,"column":0},"end":{"line":80,"column":42}},"80":{"start":{"line":81,"column":0},"end":{"line":81,"column":74}},"81":{"start":{"line":82,"column":0},"end":{"line":82,"column":63}},"82":{"start":{"line":83,"column":0},"end":{"line":83,"column":10}},"83":{"start":{"line":84,"column":0},"end":{"line":84,"column":0}},"84":{"start":{"line":85,"column":0},"end":{"line":85,"column":36}},"85":{"start":{"line":86,"column":0},"end":{"line":86,"column":62}},"86":{"start":{"line":87,"column":0},"end":{"line":87,"column":89}},"87":{"start":{"line":88,"column":0},"end":{"line":88,"column":75}},"88":{"start":{"line":89,"column":0},"end":{"line":89,"column":10}},"89":{"start":{"line":90,"column":0},"end":{"line":90,"column":0}},"90":{"start":{"line":91,"column":0},"end":{"line":91,"column":107}},"91":{"start":{"line":92,"column":0},"end":{"line":92,"column":5}},"92":{"start":{"line":93,"column":0},"end":{"line":93,"column":0}},"93":{"start":{"line":94,"column":0},"end":{"line":94,"column":69}},"94":{"start":{"line":95,"column":0},"end":{"line":95,"column":67}},"95":{"start":{"line":96,"column":0},"end":{"line":96,"column":8}},"96":{"start":{"line":97,"column":0},"end":{"line":97,"column":25}},"97":{"start":{"line":98,"column":0},"end":{"line":98,"column":45}},"98":{"start":{"line":99,"column":0},"end":{"line":99,"column":52}},"99":{"start":{"line":100,"column":0},"end":{"line":100,"column":77}},"100":{"start":{"line":101,"column":0},"end":{"line":101,"column":66}},"101":{"start":{"line":102,"column":0},"end":{"line":102,"column":16}},"102":{"start":{"line":103,"column":0},"end":{"line":103,"column":52}},"103":{"start":{"line":104,"column":0},"end":{"line":104,"column":80}},"104":{"start":{"line":105,"column":0},"end":{"line":105,"column":178}},"105":{"start":{"line":106,"column":0},"end":{"line":106,"column":9}},"106":{"start":{"line":107,"column":0},"end":{"line":107,"column":48}},"107":{"start":{"line":108,"column":0},"end":{"line":108,"column":0}},"108":{"start":{"line":109,"column":0},"end":{"line":109,"column":80}},"109":{"start":{"line":110,"column":0},"end":{"line":110,"column":38}},"110":{"start":{"line":111,"column":0},"end":{"line":111,"column":5}},"111":{"start":{"line":112,"column":0},"end":{"line":112,"column":0}},"112":{"start":{"line":113,"column":0},"end":{"line":113,"column":50}},"113":{"start":{"line":114,"column":0},"end":{"line":114,"column":74}},"114":{"start":{"line":115,"column":0},"end":{"line":115,"column":72}},"115":{"start":{"line":116,"column":0},"end":{"line":116,"column":74}},"116":{"start":{"line":117,"column":0},"end":{"line":117,"column":25}},"117":{"start":{"line":118,"column":0},"end":{"line":118,"column":30}},"118":{"start":{"line":119,"column":0},"end":{"line":119,"column":5}},"119":{"start":{"line":120,"column":0},"end":{"line":120,"column":0}},"120":{"start":{"line":121,"column":0},"end":{"line":121,"column":50}},"121":{"start":{"line":122,"column":0},"end":{"line":122,"column":74}},"122":{"start":{"line":123,"column":0},"end":{"line":123,"column":74}},"123":{"start":{"line":124,"column":0},"end":{"line":124,"column":72}},"124":{"start":{"line":125,"column":0},"end":{"line":125,"column":25}},"125":{"start":{"line":126,"column":0},"end":{"line":126,"column":28}},"126":{"start":{"line":127,"column":0},"end":{"line":127,"column":5}},"127":{"start":{"line":128,"column":0},"end":{"line":128,"column":1}},"128":{"start":{"line":129,"column":0},"end":{"line":129,"column":0}},"129":{"start":{"line":130,"column":0},"end":{"line":130,"column":30}}},"s":{"0":1,"1":1,"2":1,"3":1,"4":1,"5":1,"6":1,"7":1,"8":1,"9":931,"10":931,"11":931,"12":108,"13":931,"14":240,"15":240,"16":583,"17":583,"18":931,"19":366,"20":931,"21":214,"22":214,"23":3,"24":3,"25":3,"26":3,"27":1,"28":689,"29":689,"30":689,"31":1,"32":689,"33":689,"34":689,"35":689,"36":689,"37":689,"38":1,"39":687,"40":687,"41":68,"42":68,"43":619,"44":619,"45":1,"46":689,"47":689,"48":689,"49":1378,"50":1378,"51":689,"52":689,"53":689,"54":689,"55":1,"56":1,"57":1,"58":1,"59":1,"60":1,"61":1,"62":1,"63":689,"64":689,"65":1,"66":1,"67":1985,"68":3322,"69":1985,"70":1985,"71":1,"72":1,"73":689,"74":689,"75":689,"76":689,"77":689,"78":689,"79":2026,"80":2026,"81":2026,"82":689,"83":689,"84":689,"85":689,"86":689,"87":689,"88":689,"89":689,"90":689,"91":689,"92":1,"93":1,"94":689,"95":689,"96":689,"97":1,"98":1,"99":1,"100":1,"101":689,"102":688,"103":688,"104":688,"105":688,"106":689,"107":689,"108":689,"109":689,"110":689,"111":1,"112":1,"113":215,"114":305,"115":305,"116":305,"117":215,"118":215,"119":1,"120":1,"121":215,"122":305,"123":305,"124":305,"125":215,"126":215,"127":1,"128":1,"129":1},"branchMap":{"0":{"type":"branch","line":10,"loc":{"start":{"line":10,"column":0},"end":{"line":27,"column":1}},"locations":[{"start":{"line":10,"column":0},"end":{"line":27,"column":1}}]},"1":{"type":"branch","line":12,"loc":{"start":{"line":12,"column":19},"end":{"line":12,"column":33}},"locations":[{"start":{"line":12,"column":19},"end":{"line":12,"column":33}}]},"2":{"type":"branch","line":12,"loc":{"start":{"line":12,"column":36},"end":{"line":14,"column":11}},"locations":[{"start":{"line":12,"column":36},"end":{"line":14,"column":11}}]},"3":{"type":"branch","line":14,"loc":{"start":{"line":14,"column":5},"end":{"line":16,"column":5}},"locations":[{"start":{"line":14,"column":5},"end":{"line":16,"column":5}}]},"4":{"type":"branch","line":14,"loc":{"start":{"line":14,"column":25},"end":{"line":14,"column":39}},"locations":[{"start":{"line":14,"column":25},"end":{"line":14,"column":39}}]},"5":{"type":"branch","line":14,"loc":{"start":{"line":14,"column":41},"end":{"line":16,"column":5}},"locations":[{"start":{"line":14,"column":41},"end":{"line":16,"column":5}}]},"6":{"type":"branch","line":17,"loc":{"start":{"line":17,"column":-2},"end":{"line":19,"column":33}},"locations":[{"start":{"line":17,"column":-2},"end":{"line":19,"column":33}}]},"7":{"type":"branch","line":19,"loc":{"start":{"line":19,"column":33},"end":{"line":21,"column":11}},"locations":[{"start":{"line":19,"column":33},"end":{"line":21,"column":11}}]},"8":{"type":"branch","line":21,"loc":{"start":{"line":21,"column":5},"end":{"line":23,"column":5}},"locations":[{"start":{"line":21,"column":5},"end":{"line":23,"column":5}}]},"9":{"type":"branch","line":21,"loc":{"start":{"line":21,"column":40},"end":{"line":23,"column":5}},"locations":[{"start":{"line":21,"column":40},"end":{"line":23,"column":5}}]},"10":{"type":"branch","line":24,"loc":{"start":{"line":24,"column":-2},"end":{"line":27,"column":1}},"locations":[{"start":{"line":24,"column":-2},"end":{"line":27,"column":1}}]},"11":{"type":"branch","line":29,"loc":{"start":{"line":29,"column":0},"end":{"line":31,"column":1}},"locations":[{"start":{"line":29,"column":0},"end":{"line":31,"column":1}}]},"12":{"type":"branch","line":30,"loc":{"start":{"line":30,"column":26},"end":{"line":30,"column":91}},"locations":[{"start":{"line":30,"column":26},"end":{"line":30,"column":91}}]},"13":{"type":"branch","line":30,"loc":{"start":{"line":30,"column":54},"end":{"line":30,"column":65}},"locations":[{"start":{"line":30,"column":54},"end":{"line":30,"column":65}}]},"14":{"type":"branch","line":30,"loc":{"start":{"line":30,"column":66},"end":{"line":30,"column":91}},"locations":[{"start":{"line":30,"column":66},"end":{"line":30,"column":91}}]},"15":{"type":"branch","line":33,"loc":{"start":{"line":33,"column":0},"end":{"line":38,"column":1}},"locations":[{"start":{"line":33,"column":0},"end":{"line":38,"column":1}}]},"16":{"type":"branch","line":35,"loc":{"start":{"line":35,"column":8},"end":{"line":35,"column":79}},"locations":[{"start":{"line":35,"column":8},"end":{"line":35,"column":79}}]},"17":{"type":"branch","line":40,"loc":{"start":{"line":40,"column":0},"end":{"line":45,"column":1}},"locations":[{"start":{"line":40,"column":0},"end":{"line":45,"column":1}}]},"18":{"type":"branch","line":41,"loc":{"start":{"line":41,"column":70},"end":{"line":43,"column":5}},"locations":[{"start":{"line":41,"column":70},"end":{"line":43,"column":5}}]},"19":{"type":"branch","line":44,"loc":{"start":{"line":44,"column":-2},"end":{"line":45,"column":1}},"locations":[{"start":{"line":44,"column":-2},"end":{"line":45,"column":1}}]},"20":{"type":"branch","line":41,"loc":{"start":{"line":41,"column":25},"end":{"line":41,"column":68}},"locations":[{"start":{"line":41,"column":25},"end":{"line":41,"column":68}}]},"21":{"type":"branch","line":42,"loc":{"start":{"line":42,"column":30},"end":{"line":42,"column":113}},"locations":[{"start":{"line":42,"column":30},"end":{"line":42,"column":113}}]},"22":{"type":"branch","line":42,"loc":{"start":{"line":42,"column":60},"end":{"line":42,"column":79}},"locations":[{"start":{"line":42,"column":60},"end":{"line":42,"column":79}}]},"23":{"type":"branch","line":42,"loc":{"start":{"line":42,"column":80},"end":{"line":42,"column":113}},"locations":[{"start":{"line":42,"column":80},"end":{"line":42,"column":113}}]},"24":{"type":"branch","line":47,"loc":{"start":{"line":47,"column":0},"end":{"line":55,"column":1}},"locations":[{"start":{"line":47,"column":0},"end":{"line":55,"column":1}}]},"25":{"type":"branch","line":49,"loc":{"start":{"line":49,"column":8},"end":{"line":52,"column":10}},"locations":[{"start":{"line":49,"column":8},"end":{"line":52,"column":10}}]},"26":{"type":"branch","line":63,"loc":{"start":{"line":63,"column":19},"end":{"line":65,"column":5}},"locations":[{"start":{"line":63,"column":19},"end":{"line":65,"column":5}}]},"27":{"type":"branch","line":67,"loc":{"start":{"line":67,"column":19},"end":{"line":71,"column":5}},"locations":[{"start":{"line":67,"column":19},"end":{"line":71,"column":5}}]},"28":{"type":"branch","line":68,"loc":{"start":{"line":68,"column":45},"end":{"line":70,"column":9}},"locations":[{"start":{"line":68,"column":45},"end":{"line":70,"column":9}}]},"29":{"type":"branch","line":69,"loc":{"start":{"line":69,"column":68},"end":{"line":69,"column":123}},"locations":[{"start":{"line":69,"column":68},"end":{"line":69,"column":123}}]},"30":{"type":"branch","line":69,"loc":{"start":{"line":69,"column":124},"end":{"line":69,"column":132}},"locations":[{"start":{"line":69,"column":124},"end":{"line":69,"column":132}}]},"31":{"type":"branch","line":73,"loc":{"start":{"line":73,"column":19},"end":{"line":92,"column":5}},"locations":[{"start":{"line":73,"column":19},"end":{"line":92,"column":5}}]},"32":{"type":"branch","line":79,"loc":{"start":{"line":79,"column":31},"end":{"line":83,"column":9}},"locations":[{"start":{"line":79,"column":31},"end":{"line":83,"column":9}}]},"33":{"type":"branch","line":81,"loc":{"start":{"line":81,"column":56},"end":{"line":81,"column":74}},"locations":[{"start":{"line":81,"column":56},"end":{"line":81,"column":74}}]},"34":{"type":"branch","line":87,"loc":{"start":{"line":87,"column":50},"end":{"line":87,"column":79}},"locations":[{"start":{"line":87,"column":50},"end":{"line":87,"column":79}}]},"35":{"type":"branch","line":88,"loc":{"start":{"line":88,"column":12},"end":{"line":88,"column":75}},"locations":[{"start":{"line":88,"column":12},"end":{"line":88,"column":75}}]},"36":{"type":"branch","line":91,"loc":{"start":{"line":91,"column":85},"end":{"line":91,"column":105}},"locations":[{"start":{"line":91,"column":85},"end":{"line":91,"column":105}}]},"37":{"type":"branch","line":94,"loc":{"start":{"line":94,"column":4},"end":{"line":111,"column":5}},"locations":[{"start":{"line":94,"column":4},"end":{"line":111,"column":5}}]},"38":{"type":"branch","line":97,"loc":{"start":{"line":97,"column":24},"end":{"line":102,"column":15}},"locations":[{"start":{"line":97,"column":24},"end":{"line":102,"column":15}}]},"39":{"type":"branch","line":102,"loc":{"start":{"line":102,"column":9},"end":{"line":106,"column":9}},"locations":[{"start":{"line":102,"column":9},"end":{"line":106,"column":9}}]},"40":{"type":"branch","line":105,"loc":{"start":{"line":105,"column":46},"end":{"line":105,"column":68}},"locations":[{"start":{"line":105,"column":46},"end":{"line":105,"column":68}}]},"41":{"type":"branch","line":105,"loc":{"start":{"line":105,"column":69},"end":{"line":105,"column":137}},"locations":[{"start":{"line":105,"column":69},"end":{"line":105,"column":137}}]},"42":{"type":"branch","line":113,"loc":{"start":{"line":113,"column":4},"end":{"line":119,"column":5}},"locations":[{"start":{"line":113,"column":4},"end":{"line":119,"column":5}}]},"43":{"type":"branch","line":114,"loc":{"start":{"line":114,"column":46},"end":{"line":118,"column":9}},"locations":[{"start":{"line":114,"column":46},"end":{"line":118,"column":9}}]},"44":{"type":"branch","line":115,"loc":{"start":{"line":115,"column":38},"end":{"line":115,"column":72}},"locations":[{"start":{"line":115,"column":38},"end":{"line":115,"column":72}}]},"45":{"type":"branch","line":116,"loc":{"start":{"line":116,"column":38},"end":{"line":116,"column":74}},"locations":[{"start":{"line":116,"column":38},"end":{"line":116,"column":74}}]},"46":{"type":"branch","line":121,"loc":{"start":{"line":121,"column":4},"end":{"line":127,"column":5}},"locations":[{"start":{"line":121,"column":4},"end":{"line":127,"column":5}}]},"47":{"type":"branch","line":122,"loc":{"start":{"line":122,"column":46},"end":{"line":126,"column":9}},"locations":[{"start":{"line":122,"column":46},"end":{"line":126,"column":9}}]},"48":{"type":"branch","line":123,"loc":{"start":{"line":123,"column":38},"end":{"line":123,"column":74}},"locations":[{"start":{"line":123,"column":38},"end":{"line":123,"column":74}}]},"49":{"type":"branch","line":124,"loc":{"start":{"line":124,"column":38},"end":{"line":124,"column":72}},"locations":[{"start":{"line":124,"column":38},"end":{"line":124,"column":72}}]}},"b":{"0":[931],"1":[673],"2":[108],"3":[823],"4":[805],"5":[240],"6":[583],"7":[366],"8":[217],"9":[214],"10":[3],"11":[689],"12":[1378],"13":[711],"14":[667],"15":[689],"16":[1378],"17":[687],"18":[68],"19":[619],"20":[986],"21":[33],"22":[1],"23":[32],"24":[689],"25":[1378],"26":[689],"27":[1985],"28":[3322],"29":[1296],"30":[2026],"31":[689],"32":[2026],"33":[1528],"34":[1528],"35":[1378],"36":[1378],"37":[689],"38":[1],"39":[688],"40":[1],"41":[687],"42":[215],"43":[305],"44":[310],"45":[60],"46":[215],"47":[305],"48":[310],"49":[60]},"fnMap":{"0":{"name":"unitPowerSort","decl":{"start":{"line":10,"column":0},"end":{"line":27,"column":1}},"loc":{"start":{"line":10,"column":0},"end":{"line":27,"column":1}},"line":10},"1":{"name":"createName","decl":{"start":{"line":29,"column":0},"end":{"line":31,"column":1}},"loc":{"start":{"line":29,"column":0},"end":{"line":31,"column":1}},"line":29},"2":{"name":"createShape","decl":{"start":{"line":33,"column":0},"end":{"line":38,"column":1}},"loc":{"start":{"line":33,"column":0},"end":{"line":38,"column":1}},"line":33},"3":{"name":"createAbbreviation","decl":{"start":{"line":40,"column":0},"end":{"line":45,"column":1}},"loc":{"start":{"line":40,"column":0},"end":{"line":45,"column":1}},"line":40},"4":{"name":"createMathConfig","decl":{"start":{"line":47,"column":0},"end":{"line":55,"column":1}},"loc":{"start":{"line":47,"column":0},"end":{"line":55,"column":1}},"line":47},"5":{"name":"unitPowers.reduce.isLinear","decl":{"start":{"line":49,"column":8},"end":{"line":52,"column":10}},"loc":{"start":{"line":49,"column":8},"end":{"line":52,"column":10}},"line":49},"6":{"name":"SortUnitPowers","decl":{"start":{"line":63,"column":19},"end":{"line":65,"column":5}},"loc":{"start":{"line":63,"column":19},"end":{"line":65,"column":5}},"line":63},"7":{"name":"FlattenUnitPowers","decl":{"start":{"line":67,"column":19},"end":{"line":71,"column":5}},"loc":{"start":{"line":67,"column":19},"end":{"line":71,"column":5}},"line":67},"8":{"name":"SimplifyUnitPowers","decl":{"start":{"line":73,"column":19},"end":{"line":92,"column":5}},"loc":{"start":{"line":73,"column":19},"end":{"line":92,"column":5}},"line":73},"9":{"name":"CombinationUnit","decl":{"start":{"line":94,"column":4},"end":{"line":111,"column":5}},"loc":{"start":{"line":94,"column":4},"end":{"line":111,"column":5}},"line":94},"10":{"name":"toBaseSI","decl":{"start":{"line":113,"column":4},"end":{"line":119,"column":5}},"loc":{"start":{"line":113,"column":4},"end":{"line":119,"column":5}},"line":113},"11":{"name":"fromBaseSI","decl":{"start":{"line":121,"column":4},"end":{"line":127,"column":5}},"loc":{"start":{"line":121,"column":4},"end":{"line":127,"column":5}},"line":121}},"f":{"0":931,"1":689,"2":689,"3":687,"4":689,"5":1378,"6":689,"7":1985,"8":689,"9":689,"10":215,"11":215}}
,"C:\\Users\\vpate\\OneDrive\\Documents\\GitHub\\unit-system\\nameConstruct.ts": {"path":"C:\\Users\\vpate\\OneDrive\\Documents\\GitHub\\unit-system\\nameConstruct.ts","all":false,"statementMap":{"0":{"start":{"line":1,"column":0},"end":{"line":1,"column":33}},"1":{"start":{"line":2,"column":0},"end":{"line":2,"column":16}},"2":{"start":{"line":3,"column":0},"end":{"line":3,"column":25}},"3":{"start":{"line":4,"column":0},"end":{"line":4,"column":30}},"4":{"start":{"line":5,"column":0},"end":{"line":5,"column":1}},"5":{"start":{"line":6,"column":0},"end":{"line":6,"column":0}},"6":{"start":{"line":7,"column":0},"end":{"line":7,"column":58}},"7":{"start":{"line":8,"column":0},"end":{"line":8,"column":16}},"8":{"start":{"line":9,"column":0},"end":{"line":9,"column":25}},"9":{"start":{"line":10,"column":0},"end":{"line":10,"column":30}},"10":{"start":{"line":11,"column":0},"end":{"line":11,"column":0}},"11":{"start":{"line":12,"column":0},"end":{"line":12,"column":82}},"12":{"start":{"line":13,"column":0},"end":{"line":13,"column":25}},"13":{"start":{"line":14,"column":0},"end":{"line":14,"column":41}},"14":{"start":{"line":15,"column":0},"end":{"line":15,"column":36}},"15":{"start":{"line":16,"column":0},"end":{"line":16,"column":5}},"16":{"start":{"line":17,"column":0},"end":{"line":17,"column":1}}},"s":{"0":1,"1":1,"2":1,"3":1,"4":1,"5":1,"6":1,"7":1,"8":1,"9":1,"10":1,"11":1,"12":687,"13":687,"14":687,"15":687,"16":1},"branchMap":{"0":{"type":"branch","line":12,"loc":{"start":{"line":12,"column":4},"end":{"line":16,"column":5}},"locations":[{"start":{"line":12,"column":4},"end":{"line":16,"column":5}}]}},"b":{"0":[687]},"fnMap":{"0":{"name":"UnitNameConstruct","decl":{"start":{"line":12,"column":4},"end":{"line":16,"column":5}},"loc":{"start":{"line":12,"column":4},"end":{"line":16,"column":5}},"line":12}},"f":{"0":687}}
,"C:\\Users\\vpate\\OneDrive\\Documents\\GitHub\\unit-system\\noneUnit.ts": {"path":"C:\\Users\\vpate\\OneDrive\\Documents\\GitHub\\unit-system\\noneUnit.ts","all":false,"statementMap":{"0":{"start":{"line":1,"column":0},"end":{"line":1,"column":38}},"1":{"start":{"line":2,"column":0},"end":{"line":2,"column":36}},"2":{"start":{"line":3,"column":0},"end":{"line":3,"column":0}},"3":{"start":{"line":4,"column":0},"end":{"line":4,"column":89}},"4":{"start":{"line":5,"column":0},"end":{"line":5,"column":23}}},"s":{"0":1,"1":1,"2":1,"3":1,"4":1},"branchMap":{},"b":{},"fnMap":{},"f":{}}
,"C:\\Users\\vpate\\OneDrive\\Documents\\GitHub\\unit-system\\relativeUnit.ts": {"path":"C:\\Users\\vpate\\OneDrive\\Documents\\GitHub\\unit-system\\relativeUnit.ts","all":false,"statementMap":{"0":{"start":{"line":1,"column":0},"end":{"line":1,"column":25}},"1":{"start":{"line":2,"column":0},"end":{"line":2,"column":48}},"2":{"start":{"line":3,"column":0},"end":{"line":3,"column":0}},"3":{"start":{"line":4,"column":0},"end":{"line":4,"column":40}},"4":{"start":{"line":5,"column":0},"end":{"line":5,"column":0}},"5":{"start":{"line":6,"column":0},"end":{"line":6,"column":20}},"6":{"start":{"line":7,"column":0},"end":{"line":7,"column":35}},"7":{"start":{"line":8,"column":0},"end":{"line":8,"column":4}},"8":{"start":{"line":9,"column":0},"end":{"line":9,"column":93}},"9":{"start":{"line":10,"column":0},"end":{"line":10,"column":66}},"10":{"start":{"line":11,"column":0},"end":{"line":11,"column":0}},"11":{"start":{"line":12,"column":0},"end":{"line":12,"column":62}},"12":{"start":{"line":13,"column":0},"end":{"line":13,"column":36}},"13":{"start":{"line":14,"column":0},"end":{"line":14,"column":5}},"14":{"start":{"line":15,"column":0},"end":{"line":15,"column":0}},"15":{"start":{"line":16,"column":0},"end":{"line":16,"column":50}},"16":{"start":{"line":17,"column":0},"end":{"line":17,"column":88}},"17":{"start":{"line":18,"column":0},"end":{"line":18,"column":5}},"18":{"start":{"line":19,"column":0},"end":{"line":19,"column":0}},"19":{"start":{"line":20,"column":0},"end":{"line":20,"column":50}},"20":{"start":{"line":21,"column":0},"end":{"line":21,"column":88}},"21":{"start":{"line":22,"column":0},"end":{"line":22,"column":5}},"22":{"start":{"line":23,"column":0},"end":{"line":23,"column":0}},"23":{"start":{"line":24,"column":0},"end":{"line":24,"column":99}},"24":{"start":{"line":25,"column":0},"end":{"line":25,"column":80}},"25":{"start":{"line":26,"column":0},"end":{"line":26,"column":5}},"26":{"start":{"line":27,"column":0},"end":{"line":27,"column":0}},"27":{"start":{"line":28,"column":0},"end":{"line":28,"column":114}},"28":{"start":{"line":29,"column":0},"end":{"line":29,"column":82}},"29":{"start":{"line":30,"column":0},"end":{"line":30,"column":5}},"30":{"start":{"line":31,"column":0},"end":{"line":31,"column":1}}},"s":{"0":1,"1":1,"2":1,"3":1,"4":1,"5":1,"6":1,"7":1,"8":1,"9":4,"10":4,"11":4,"12":4,"13":4,"14":1,"15":1,"16":125,"17":125,"18":1,"19":1,"20":125,"21":125,"22":1,"23":1,"24":1,"25":1,"26":1,"27":1,"28":2,"29":2,"30":1},"branchMap":{"0":{"type":"branch","line":9,"loc":{"start":{"line":9,"column":4},"end":{"line":14,"column":5}},"locations":[{"start":{"line":9,"column":4},"end":{"line":14,"column":5}}]},"1":{"type":"branch","line":16,"loc":{"start":{"line":16,"column":4},"end":{"line":18,"column":5}},"locations":[{"start":{"line":16,"column":4},"end":{"line":18,"column":5}}]},"2":{"type":"branch","line":20,"loc":{"start":{"line":20,"column":4},"end":{"line":22,"column":5}},"locations":[{"start":{"line":20,"column":4},"end":{"line":22,"column":5}}]},"3":{"type":"branch","line":24,"loc":{"start":{"line":24,"column":11},"end":{"line":26,"column":5}},"locations":[{"start":{"line":24,"column":11},"end":{"line":26,"column":5}}]},"4":{"type":"branch","line":28,"loc":{"start":{"line":28,"column":11},"end":{"line":30,"column":5}},"locations":[{"start":{"line":28,"column":11},"end":{"line":30,"column":5}}]}},"b":{"0":[4],"1":[125],"2":[125],"3":[1],"4":[2]},"fnMap":{"0":{"name":"RelativeUnit","decl":{"start":{"line":9,"column":4},"end":{"line":14,"column":5}},"loc":{"start":{"line":9,"column":4},"end":{"line":14,"column":5}},"line":9},"1":{"name":"fromBaseSI","decl":{"start":{"line":16,"column":4},"end":{"line":18,"column":5}},"loc":{"start":{"line":16,"column":4},"end":{"line":18,"column":5}},"line":16},"2":{"name":"toBaseSI","decl":{"start":{"line":20,"column":4},"end":{"line":22,"column":5}},"loc":{"start":{"line":20,"column":4},"end":{"line":22,"column":5}},"line":20},"3":{"name":"MultipleOf","decl":{"start":{"line":24,"column":11},"end":{"line":26,"column":5}},"loc":{"start":{"line":24,"column":11},"end":{"line":26,"column":5}},"line":24},"4":{"name":"FractionOf","decl":{"start":{"line":28,"column":11},"end":{"line":30,"column":5}},"loc":{"start":{"line":28,"column":11},"end":{"line":30,"column":5}},"line":28}},"f":{"0":4,"1":125,"2":125,"3":1,"4":2}}
,"C:\\Users\\vpate\\OneDrive\\Documents\\GitHub\\unit-system\\simpleUnit.ts": {"path":"C:\\Users\\vpate\\OneDrive\\Documents\\GitHub\\unit-system\\simpleUnit.ts","all":false,"statementMap":{"0":{"start":{"line":1,"column":0},"end":{"line":1,"column":48}},"1":{"start":{"line":2,"column":0},"end":{"line":2,"column":25}},"2":{"start":{"line":3,"column":0},"end":{"line":3,"column":66}},"3":{"start":{"line":4,"column":0},"end":{"line":4,"column":0}},"4":{"start":{"line":5,"column":0},"end":{"line":5,"column":38}},"5":{"start":{"line":6,"column":0},"end":{"line":6,"column":25}},"6":{"start":{"line":7,"column":0},"end":{"line":7,"column":24}},"7":{"start":{"line":8,"column":0},"end":{"line":8,"column":0}},"8":{"start":{"line":9,"column":0},"end":{"line":9,"column":116}},"9":{"start":{"line":10,"column":0},"end":{"line":10,"column":75}},"10":{"start":{"line":11,"column":0},"end":{"line":11,"column":42}},"11":{"start":{"line":12,"column":0},"end":{"line":12,"column":43}},"12":{"start":{"line":13,"column":0},"end":{"line":13,"column":5}},"13":{"start":{"line":14,"column":0},"end":{"line":14,"column":0}},"14":{"start":{"line":15,"column":0},"end":{"line":15,"column":57}},"15":{"start":{"line":16,"column":0},"end":{"line":16,"column":57}},"16":{"start":{"line":17,"column":0},"end":{"line":17,"column":0}},"17":{"start":{"line":18,"column":0},"end":{"line":18,"column":108}},"18":{"start":{"line":19,"column":0},"end":{"line":19,"column":33}},"19":{"start":{"line":20,"column":0},"end":{"line":20,"column":32}},"20":{"start":{"line":21,"column":0},"end":{"line":21,"column":56}},"21":{"start":{"line":22,"column":0},"end":{"line":22,"column":25}},"22":{"start":{"line":23,"column":0},"end":{"line":23,"column":12}},"23":{"start":{"line":24,"column":0},"end":{"line":24,"column":8}},"24":{"start":{"line":25,"column":0},"end":{"line":25,"column":1}},"25":{"start":{"line":26,"column":0},"end":{"line":26,"column":0}},"26":{"start":{"line":27,"column":0},"end":{"line":27,"column":25}}},"s":{"0":1,"1":1,"2":1,"3":1,"4":1,"5":1,"6":1,"7":1,"8":1,"9":3,"10":3,"11":3,"12":3,"13":1,"14":1,"15":1,"16":1,"17":1,"18":1,"19":1,"20":1,"21":1,"22":1,"23":1,"24":1,"25":1,"26":1},"branchMap":{"0":{"type":"branch","line":9,"loc":{"start":{"line":9,"column":4},"end":{"line":13,"column":5}},"locations":[{"start":{"line":9,"column":4},"end":{"line":13,"column":5}}]},"1":{"type":"branch","line":15,"loc":{"start":{"line":15,"column":4},"end":{"line":15,"column":57}},"locations":[{"start":{"line":15,"column":4},"end":{"line":15,"column":57}}]},"2":{"type":"branch","line":16,"loc":{"start":{"line":16,"column":4},"end":{"line":16,"column":57}},"locations":[{"start":{"line":16,"column":4},"end":{"line":16,"column":57}}]}},"b":{"0":[3],"1":[180],"2":[190]},"fnMap":{"0":{"name":"SimpleUnit","decl":{"start":{"line":9,"column":4},"end":{"line":13,"column":5}},"loc":{"start":{"line":9,"column":4},"end":{"line":13,"column":5}},"line":9},"1":{"name":"toBaseSI","decl":{"start":{"line":15,"column":4},"end":{"line":15,"column":57}},"loc":{"start":{"line":15,"column":4},"end":{"line":15,"column":57}},"line":15},"2":{"name":"fromBaseSI","decl":{"start":{"line":16,"column":4},"end":{"line":16,"column":57}},"loc":{"start":{"line":16,"column":4},"end":{"line":16,"column":57}},"line":16}},"f":{"0":3,"1":180,"2":190}}
,"C:\\Users\\vpate\\OneDrive\\Documents\\GitHub\\unit-system\\unit.ts": {"path":"C:\\Users\\vpate\\OneDrive\\Documents\\GitHub\\unit-system\\unit.ts","all":false,"statementMap":{"0":{"start":{"line":1,"column":0},"end":{"line":1,"column":35}},"1":{"start":{"line":2,"column":0},"end":{"line":2,"column":48}},"2":{"start":{"line":3,"column":0},"end":{"line":3,"column":68}},"3":{"start":{"line":4,"column":0},"end":{"line":4,"column":0}},"4":{"start":{"line":5,"column":0},"end":{"line":5,"column":37}},"5":{"start":{"line":6,"column":0},"end":{"line":6,"column":28}},"6":{"start":{"line":7,"column":0},"end":{"line":7,"column":21}},"7":{"start":{"line":8,"column":0},"end":{"line":8,"column":1}},"8":{"start":{"line":9,"column":0},"end":{"line":9,"column":0}},"9":{"start":{"line":10,"column":0},"end":{"line":10,"column":28}},"10":{"start":{"line":11,"column":0},"end":{"line":11,"column":16}},"11":{"start":{"line":12,"column":0},"end":{"line":12,"column":25}},"12":{"start":{"line":13,"column":0},"end":{"line":13,"column":24}},"13":{"start":{"line":14,"column":0},"end":{"line":14,"column":0}},"14":{"start":{"line":15,"column":0},"end":{"line":15,"column":35}},"15":{"start":{"line":16,"column":0},"end":{"line":16,"column":85}},"16":{"start":{"line":17,"column":0},"end":{"line":17,"column":71}},"17":{"start":{"line":18,"column":0},"end":{"line":18,"column":0}},"18":{"start":{"line":19,"column":0},"end":{"line":19,"column":20}},"19":{"start":{"line":20,"column":0},"end":{"line":20,"column":0}},"20":{"start":{"line":21,"column":0},"end":{"line":21,"column":125}},"21":{"start":{"line":22,"column":0},"end":{"line":22,"column":96}},"22":{"start":{"line":23,"column":0},"end":{"line":23,"column":8}},"23":{"start":{"line":24,"column":0},"end":{"line":24,"column":35}},"24":{"start":{"line":25,"column":0},"end":{"line":25,"column":51}},"25":{"start":{"line":26,"column":0},"end":{"line":26,"column":0}},"26":{"start":{"line":27,"column":0},"end":{"line":27,"column":36}},"27":{"start":{"line":28,"column":0},"end":{"line":28,"column":0}},"28":{"start":{"line":29,"column":0},"end":{"line":29,"column":48}},"29":{"start":{"line":30,"column":0},"end":{"line":30,"column":73}},"30":{"start":{"line":31,"column":0},"end":{"line":31,"column":105}},"31":{"start":{"line":32,"column":0},"end":{"line":32,"column":59}},"32":{"start":{"line":33,"column":0},"end":{"line":33,"column":5}},"33":{"start":{"line":34,"column":0},"end":{"line":34,"column":0}},"34":{"start":{"line":35,"column":0},"end":{"line":35,"column":83}},"35":{"start":{"line":36,"column":0},"end":{"line":36,"column":90}},"36":{"start":{"line":37,"column":0},"end":{"line":37,"column":8}},"37":{"start":{"line":38,"column":0},"end":{"line":38,"column":4}},"38":{"start":{"line":39,"column":0},"end":{"line":39,"column":43}},"39":{"start":{"line":40,"column":0},"end":{"line":40,"column":62}},"40":{"start":{"line":41,"column":0},"end":{"line":41,"column":43}},"41":{"start":{"line":42,"column":0},"end":{"line":42,"column":8}},"42":{"start":{"line":43,"column":0},"end":{"line":43,"column":0}},"43":{"start":{"line":44,"column":0},"end":{"line":44,"column":57}},"44":{"start":{"line":45,"column":0},"end":{"line":45,"column":57}},"45":{"start":{"line":46,"column":0},"end":{"line":46,"column":0}},"46":{"start":{"line":47,"column":0},"end":{"line":47,"column":61}},"47":{"start":{"line":48,"column":0},"end":{"line":48,"column":45}},"48":{"start":{"line":49,"column":0},"end":{"line":49,"column":69}},"49":{"start":{"line":50,"column":0},"end":{"line":50,"column":16}},"50":{"start":{"line":51,"column":0},"end":{"line":51,"column":88}},"51":{"start":{"line":52,"column":0},"end":{"line":52,"column":9}},"52":{"start":{"line":53,"column":0},"end":{"line":53,"column":5}},"53":{"start":{"line":54,"column":0},"end":{"line":54,"column":0}},"54":{"start":{"line":55,"column":0},"end":{"line":55,"column":74}},"55":{"start":{"line":56,"column":0},"end":{"line":56,"column":1}},"56":{"start":{"line":57,"column":0},"end":{"line":57,"column":0}},"57":{"start":{"line":58,"column":0},"end":{"line":58,"column":19}}},"s":{"0":1,"1":1,"2":1,"3":1,"4":1,"5":1,"6":1,"7":1,"8":1,"9":1,"10":1,"11":1,"12":1,"13":1,"14":1,"15":1,"16":1,"17":1,"18":1,"19":1,"20":1,"21":708,"22":708,"23":708,"24":708,"25":708,"26":708,"27":708,"28":708,"29":708,"30":708,"31":708,"32":708,"33":1,"34":1,"35":1,"36":1,"37":1,"38":1,"39":1,"40":1,"41":1,"42":1,"43":1,"44":1,"45":1,"46":1,"47":352,"48":341,"49":346,"50":11,"51":11,"52":352,"53":1,"54":1,"55":1,"56":1,"57":1},"branchMap":{"0":{"type":"branch","line":16,"loc":{"start":{"line":16,"column":4},"end":{"line":16,"column":85}},"locations":[{"start":{"line":16,"column":4},"end":{"line":16,"column":85}}]},"1":{"type":"branch","line":17,"loc":{"start":{"line":17,"column":4},"end":{"line":17,"column":71}},"locations":[{"start":{"line":17,"column":4},"end":{"line":17,"column":71}}]},"2":{"type":"branch","line":21,"loc":{"start":{"line":21,"column":4},"end":{"line":33,"column":5}},"locations":[{"start":{"line":21,"column":4},"end":{"line":33,"column":5}}]},"3":{"type":"branch","line":30,"loc":{"start":{"line":30,"column":37},"end":{"line":30,"column":73}},"locations":[{"start":{"line":30,"column":37},"end":{"line":30,"column":73}}]},"4":{"type":"branch","line":31,"loc":{"start":{"line":31,"column":35},"end":{"line":31,"column":105}},"locations":[{"start":{"line":31,"column":35},"end":{"line":31,"column":105}}]},"5":{"type":"branch","line":31,"loc":{"start":{"line":31,"column":65},"end":{"line":31,"column":104}},"locations":[{"start":{"line":31,"column":65},"end":{"line":31,"column":104}}]},"6":{"type":"branch","line":47,"loc":{"start":{"line":47,"column":4},"end":{"line":53,"column":5}},"locations":[{"start":{"line":47,"column":4},"end":{"line":53,"column":5}}]},"7":{"type":"branch","line":48,"loc":{"start":{"line":48,"column":44},"end":{"line":52,"column":9}},"locations":[{"start":{"line":48,"column":44},"end":{"line":52,"column":9}}]},"8":{"type":"branch","line":48,"loc":{"start":{"line":48,"column":44},"end":{"line":50,"column":15}},"locations":[{"start":{"line":48,"column":44},"end":{"line":50,"column":15}}]},"9":{"type":"branch","line":50,"loc":{"start":{"line":50,"column":9},"end":{"line":52,"column":9}},"locations":[{"start":{"line":50,"column":9},"end":{"line":52,"column":9}}]},"10":{"type":"branch","line":55,"loc":{"start":{"line":55,"column":4},"end":{"line":55,"column":74}},"locations":[{"start":{"line":55,"column":4},"end":{"line":55,"column":74}}]},"11":{"type":"branch","line":55,"loc":{"start":{"line":55,"column":41},"end":{"line":55,"column":60}},"locations":[{"start":{"line":55,"column":41},"end":{"line":55,"column":60}}]},"12":{"type":"branch","line":55,"loc":{"start":{"line":55,"column":61},"end":{"line":55,"column":72}},"locations":[{"start":{"line":55,"column":61},"end":{"line":55,"column":72}}]}},"b":{"0":[1378],"1":[1378],"2":[708],"3":[41],"4":[3],"5":[3],"6":[352],"7":[346],"8":[341],"9":[11],"10":[2],"11":[1],"12":[1]},"fnMap":{"0":{"name":"get hasAbsoluteZero","decl":{"start":{"line":16,"column":4},"end":{"line":16,"column":85}},"loc":{"start":{"line":16,"column":4},"end":{"line":16,"column":85}},"line":16},"1":{"name":"get isLinear","decl":{"start":{"line":17,"column":4},"end":{"line":17,"column":71}},"loc":{"start":{"line":17,"column":4},"end":{"line":17,"column":71}},"line":17},"2":{"name":"Unit","decl":{"start":{"line":21,"column":4},"end":{"line":33,"column":5}},"loc":{"start":{"line":21,"column":4},"end":{"line":33,"column":5}},"line":21},"3":{"name":"convertTo","decl":{"start":{"line":47,"column":4},"end":{"line":53,"column":5}},"loc":{"start":{"line":47,"column":4},"end":{"line":53,"column":5}},"line":47},"4":{"name":"toString","decl":{"start":{"line":55,"column":4},"end":{"line":55,"column":74}},"loc":{"start":{"line":55,"column":4},"end":{"line":55,"column":74}},"line":55}},"f":{"0":1378,"1":1378,"2":708,"3":352,"4":2}}
,"C:\\Users\\vpate\\OneDrive\\Documents\\GitHub\\unit-system\\unitShape.ts": {"path":"C:\\Users\\vpate\\OneDrive\\Documents\\GitHub\\unit-system\\unitShape.ts","all":false,"statementMap":{"0":{"start":{"line":1,"column":0},"end":{"line":1,"column":58}},"1":{"start":{"line":2,"column":0},"end":{"line":2,"column":51}},"2":{"start":{"line":3,"column":0},"end":{"line":3,"column":0}},"3":{"start":{"line":4,"column":0},"end":{"line":4,"column":132}},"4":{"start":{"line":5,"column":0},"end":{"line":5,"column":55}},"5":{"start":{"line":6,"column":0},"end":{"line":6,"column":0}},"6":{"start":{"line":7,"column":0},"end":{"line":7,"column":111}},"7":{"start":{"line":8,"column":0},"end":{"line":8,"column":0}},"8":{"start":{"line":9,"column":0},"end":{"line":9,"column":92}},"9":{"start":{"line":10,"column":0},"end":{"line":10,"column":39}},"10":{"start":{"line":11,"column":0},"end":{"line":11,"column":30}},"11":{"start":{"line":12,"column":0},"end":{"line":12,"column":35}},"12":{"start":{"line":13,"column":0},"end":{"line":13,"column":28}},"13":{"start":{"line":14,"column":0},"end":{"line":14,"column":47}},"14":{"start":{"line":15,"column":0},"end":{"line":15,"column":29}},"15":{"start":{"line":16,"column":0},"end":{"line":16,"column":12}},"16":{"start":{"line":17,"column":0},"end":{"line":17,"column":41}},"17":{"start":{"line":18,"column":0},"end":{"line":18,"column":6}},"18":{"start":{"line":19,"column":0},"end":{"line":19,"column":1}},"19":{"start":{"line":20,"column":0},"end":{"line":20,"column":0}},"20":{"start":{"line":21,"column":0},"end":{"line":21,"column":73}},"21":{"start":{"line":22,"column":0},"end":{"line":22,"column":12}},"22":{"start":{"line":23,"column":0},"end":{"line":23,"column":108}},"23":{"start":{"line":24,"column":0},"end":{"line":24,"column":10}},"24":{"start":{"line":25,"column":0},"end":{"line":25,"column":108}},"25":{"start":{"line":26,"column":0},"end":{"line":26,"column":5}},"26":{"start":{"line":27,"column":0},"end":{"line":27,"column":1}},"27":{"start":{"line":28,"column":0},"end":{"line":28,"column":0}},"28":{"start":{"line":29,"column":0},"end":{"line":29,"column":61}},"29":{"start":{"line":30,"column":0},"end":{"line":30,"column":23}},"30":{"start":{"line":31,"column":0},"end":{"line":31,"column":0}},"31":{"start":{"line":32,"column":0},"end":{"line":32,"column":69}},"32":{"start":{"line":33,"column":0},"end":{"line":33,"column":75}},"33":{"start":{"line":34,"column":0},"end":{"line":34,"column":0}},"34":{"start":{"line":35,"column":0},"end":{"line":35,"column":82}},"35":{"start":{"line":36,"column":0},"end":{"line":36,"column":0}},"36":{"start":{"line":37,"column":0},"end":{"line":37,"column":38}},"37":{"start":{"line":38,"column":0},"end":{"line":38,"column":38}},"38":{"start":{"line":39,"column":0},"end":{"line":39,"column":43}},"39":{"start":{"line":40,"column":0},"end":{"line":40,"column":63}},"40":{"start":{"line":41,"column":0},"end":{"line":41,"column":9}},"41":{"start":{"line":42,"column":0},"end":{"line":42,"column":44}},"42":{"start":{"line":43,"column":0},"end":{"line":43,"column":93}},"43":{"start":{"line":44,"column":0},"end":{"line":44,"column":9}},"44":{"start":{"line":45,"column":0},"end":{"line":45,"column":0}},"45":{"start":{"line":46,"column":0},"end":{"line":46,"column":38}},"46":{"start":{"line":47,"column":0},"end":{"line":47,"column":5}},"47":{"start":{"line":48,"column":0},"end":{"line":48,"column":0}},"48":{"start":{"line":49,"column":0},"end":{"line":49,"column":41}},"49":{"start":{"line":50,"column":0},"end":{"line":50,"column":98}},"50":{"start":{"line":51,"column":0},"end":{"line":51,"column":57}},"51":{"start":{"line":52,"column":0},"end":{"line":52,"column":14}},"52":{"start":{"line":53,"column":0},"end":{"line":53,"column":9}},"53":{"start":{"line":54,"column":0},"end":{"line":54,"column":8}},"54":{"start":{"line":55,"column":0},"end":{"line":55,"column":38}},"55":{"start":{"line":56,"column":0},"end":{"line":56,"column":5}},"56":{"start":{"line":57,"column":0},"end":{"line":57,"column":0}},"57":{"start":{"line":58,"column":0},"end":{"line":58,"column":23}},"58":{"start":{"line":59,"column":0},"end":{"line":59,"column":105}},"59":{"start":{"line":60,"column":0},"end":{"line":60,"column":5}},"60":{"start":{"line":61,"column":0},"end":{"line":61,"column":1}},"61":{"start":{"line":62,"column":0},"end":{"line":62,"column":0}},"62":{"start":{"line":63,"column":0},"end":{"line":63,"column":24}}},"s":{"0":1,"1":1,"2":1,"3":1,"4":1,"5":1,"6":1,"7":1,"8":4187,"9":4187,"10":16,"11":16,"12":16,"13":4187,"14":696,"15":4171,"16":3475,"17":3475,"18":4187,"19":1,"20":352,"21":352,"22":352,"23":352,"24":352,"25":352,"26":352,"27":1,"28":1,"29":1,"30":1,"31":1,"32":4188,"33":1,"34":1,"35":1,"36":1,"37":1387,"38":1387,"39":1387,"40":1387,"41":1387,"42":1387,"43":1387,"44":1387,"45":1387,"46":1387,"47":1,"48":1,"49":1393,"50":1393,"51":1393,"52":1393,"53":1393,"54":1393,"55":1393,"56":1,"57":1,"58":40,"59":40,"60":1,"61":1,"62":1},"branchMap":{"0":{"type":"branch","line":9,"loc":{"start":{"line":9,"column":0},"end":{"line":19,"column":1}},"locations":[{"start":{"line":9,"column":0},"end":{"line":19,"column":1}}]},"1":{"type":"branch","line":10,"loc":{"start":{"line":10,"column":38},"end":{"line":14,"column":11}},"locations":[{"start":{"line":10,"column":38},"end":{"line":14,"column":11}}]},"2":{"type":"branch","line":14,"loc":{"start":{"line":14,"column":5},"end":{"line":18,"column":6}},"locations":[{"start":{"line":14,"column":5},"end":{"line":18,"column":6}}]},"3":{"type":"branch","line":14,"loc":{"start":{"line":14,"column":46},"end":{"line":16,"column":11}},"locations":[{"start":{"line":14,"column":46},"end":{"line":16,"column":11}}]},"4":{"type":"branch","line":16,"loc":{"start":{"line":16,"column":5},"end":{"line":18,"column":6}},"locations":[{"start":{"line":16,"column":5},"end":{"line":18,"column":6}}]},"5":{"type":"branch","line":21,"loc":{"start":{"line":21,"column":0},"end":{"line":27,"column":1}},"locations":[{"start":{"line":21,"column":0},"end":{"line":27,"column":1}}]},"6":{"type":"branch","line":23,"loc":{"start":{"line":23,"column":27},"end":{"line":23,"column":64}},"locations":[{"start":{"line":23,"column":27},"end":{"line":23,"column":64}}]},"7":{"type":"branch","line":23,"loc":{"start":{"line":23,"column":73},"end":{"line":23,"column":101}},"locations":[{"start":{"line":23,"column":73},"end":{"line":23,"column":101}}]},"8":{"type":"branch","line":25,"loc":{"start":{"line":25,"column":27},"end":{"line":25,"column":64}},"locations":[{"start":{"line":25,"column":27},"end":{"line":25,"column":64}}]},"9":{"type":"branch","line":25,"loc":{"start":{"line":25,"column":73},"end":{"line":25,"column":101}},"locations":[{"start":{"line":25,"column":73},"end":{"line":25,"column":101}}]},"10":{"type":"branch","line":32,"loc":{"start":{"line":32,"column":4},"end":{"line":33,"column":75}},"locations":[{"start":{"line":32,"column":4},"end":{"line":33,"column":75}}]},"11":{"type":"branch","line":33,"loc":{"start":{"line":33,"column":41},"end":{"line":33,"column":45}},"locations":[{"start":{"line":33,"column":41},"end":{"line":33,"column":45}}]},"12":{"type":"branch","line":33,"loc":{"start":{"line":33,"column":46},"end":{"line":33,"column":73}},"locations":[{"start":{"line":33,"column":46},"end":{"line":33,"column":73}}]},"13":{"type":"branch","line":35,"loc":{"start":{"line":35,"column":4},"end":{"line":35,"column":82}},"locations":[{"start":{"line":35,"column":4},"end":{"line":35,"column":82}}]},"14":{"type":"branch","line":37,"loc":{"start":{"line":37,"column":4},"end":{"line":47,"column":5}},"locations":[{"start":{"line":37,"column":4},"end":{"line":47,"column":5}}]},"15":{"type":"branch","line":40,"loc":{"start":{"line":40,"column":12},"end":{"line":40,"column":63}},"locations":[{"start":{"line":40,"column":12},"end":{"line":40,"column":63}}]},"16":{"type":"branch","line":43,"loc":{"start":{"line":43,"column":12},"end":{"line":43,"column":92}},"locations":[{"start":{"line":43,"column":12},"end":{"line":43,"column":92}}]},"17":{"type":"branch","line":43,"loc":{"start":{"line":43,"column":78},"end":{"line":43,"column":83}},"locations":[{"start":{"line":43,"column":78},"end":{"line":43,"column":83}}]},"18":{"type":"branch","line":49,"loc":{"start":{"line":49,"column":4},"end":{"line":56,"column":5}},"locations":[{"start":{"line":49,"column":4},"end":{"line":56,"column":5}}]},"19":{"type":"branch","line":50,"loc":{"start":{"line":50,"column":57},"end":{"line":51,"column":55}},"locations":[{"start":{"line":50,"column":57},"end":{"line":51,"column":55}}]},"20":{"type":"branch","line":58,"loc":{"start":{"line":58,"column":4},"end":{"line":60,"column":5}},"locations":[{"start":{"line":58,"column":4},"end":{"line":60,"column":5}}]},"21":{"type":"branch","line":59,"loc":{"start":{"line":59,"column":46},"end":{"line":59,"column":92}},"locations":[{"start":{"line":59,"column":46},"end":{"line":59,"column":92}}]},"22":{"type":"branch","line":59,"loc":{"start":{"line":59,"column":77},"end":{"line":59,"column":80}},"locations":[{"start":{"line":59,"column":77},"end":{"line":59,"column":80}}]},"23":{"type":"branch","line":59,"loc":{"start":{"line":59,"column":80},"end":{"line":59,"column":90}},"locations":[{"start":{"line":59,"column":80},"end":{"line":59,"column":90}}]}},"b":{"0":[4187],"1":[16],"2":[4171],"3":[696],"4":[3475],"5":[352],"6":[442],"7":[442],"8":[431],"9":[431],"10":[4188],"11":[1],"12":[4187],"13":[352],"14":[1387],"15":[902],"16":[1387],"17":[1384],"18":[1393],"19":[1393],"20":[40],"21":[86],"22":[56],"23":[30]},"fnMap":{"0":{"name":"ToUnitTypeShape","decl":{"start":{"line":9,"column":0},"end":{"line":19,"column":1}},"loc":{"start":{"line":9,"column":0},"end":{"line":19,"column":1}},"line":9},"1":{"name":"UnitTypeShape_Equal","decl":{"start":{"line":21,"column":0},"end":{"line":27,"column":1}},"loc":{"start":{"line":21,"column":0},"end":{"line":27,"column":1}},"line":21},"2":{"name":"UnitShape","decl":{"start":{"line":32,"column":4},"end":{"line":33,"column":75}},"loc":{"start":{"line":32,"column":4},"end":{"line":33,"column":75}},"line":32},"3":{"name":"equal","decl":{"start":{"line":35,"column":4},"end":{"line":35,"column":82}},"loc":{"start":{"line":35,"column":4},"end":{"line":35,"column":82}},"line":35},"4":{"name":"add","decl":{"start":{"line":37,"column":4},"end":{"line":47,"column":5}},"loc":{"start":{"line":37,"column":4},"end":{"line":47,"column":5}},"line":37},"5":{"name":"multiply","decl":{"start":{"line":49,"column":4},"end":{"line":56,"column":5}},"loc":{"start":{"line":49,"column":4},"end":{"line":56,"column":5}},"line":49},"6":{"name":"toString","decl":{"start":{"line":58,"column":4},"end":{"line":60,"column":5}},"loc":{"start":{"line":58,"column":4},"end":{"line":60,"column":5}},"line":58}},"f":{"0":4187,"1":352,"2":4188,"3":352,"4":1387,"5":1393,"6":40}}
}
