TN:
SF:baseSIUnit.ts
FN:7,BaseSIUnit
FN:11,toBaseSI
FN:12,fromBaseSI
FNF:3
FNH:3
FNDA:12,BaseSIUnit
FNDA:322,toBaseSI
FNDA:312,fromBaseSI
DA:1,1
DA:2,1
DA:3,1
DA:4,1
DA:5,1
DA:6,1
DA:7,1
DA:8,12
DA:9,12
DA:10,1
DA:11,1
DA:12,1
DA:13,1
DA:14,1
DA:15,1
LF:15
LH:15
BRDA:7,0,0,12
BRDA:11,1,0,322
BRDA:12,2,0,312
BRF:3
BRH:3
end_of_record
TN:
SF:combinationUnit.ts
FN:10,unitPowerSort
FN:29,createName
FN:33,createShape
FN:40,createAbbreviation
FN:47,createMathConfig
FN:49,unitPowers.reduce.isLinear
FN:63,SortUnitPowers
FN:67,FlattenUnitPowers
FN:73,SimplifyUnitPowers
FN:94,CombinationUnit
FN:113,toBaseSI
FN:121,fromBaseSI
FNF:12
FNH:12
FNDA:931,unitPowerSort
FNDA:689,createName
FNDA:689,createShape
FNDA:687,createAbbreviation
FNDA:689,createMathConfig
FNDA:1378,unitPowers.reduce.isLinear
FNDA:689,SortUnitPowers
FNDA:1985,FlattenUnitPowers
FNDA:689,SimplifyUnitPowers
FNDA:689,CombinationUnit
FNDA:215,toBaseSI
FNDA:215,fromBaseSI
DA:1,1
DA:2,1
DA:3,1
DA:4,1
DA:5,1
DA:6,1
DA:7,1
DA:8,1
DA:9,1
DA:10,931
DA:11,931
DA:12,931
DA:13,108
DA:14,931
DA:15,240
DA:16,240
DA:17,583
DA:18,583
DA:19,931
DA:20,366
DA:21,931
DA:22,214
DA:23,214
DA:24,3
DA:25,3
DA:26,3
DA:27,3
DA:28,1
DA:29,689
DA:30,689
DA:31,689
DA:32,1
DA:33,689
DA:34,689
DA:35,689
DA:36,689
DA:37,689
DA:38,689
DA:39,1
DA:40,687
DA:41,687
DA:42,68
DA:43,68
DA:44,619
DA:45,619
DA:46,1
DA:47,689
DA:48,689
DA:49,689
DA:50,1378
DA:51,1378
DA:52,689
DA:53,689
DA:54,689
DA:55,689
DA:56,1
DA:57,1
DA:58,1
DA:59,1
DA:60,1
DA:61,1
DA:62,1
DA:63,1
DA:64,689
DA:65,689
DA:66,1
DA:67,1
DA:68,1985
DA:69,3322
DA:70,1985
DA:71,1985
DA:72,1
DA:73,1
DA:74,689
DA:75,689
DA:76,689
DA:77,689
DA:78,689
DA:79,689
DA:80,2026
DA:81,2026
DA:82,2026
DA:83,689
DA:84,689
DA:85,689
DA:86,689
DA:87,689
DA:88,689
DA:89,689
DA:90,689
DA:91,689
DA:92,689
DA:93,1
DA:94,1
DA:95,689
DA:96,689
DA:97,689
DA:98,1
DA:99,1
DA:100,1
DA:101,1
DA:102,689
DA:103,688
DA:104,688
DA:105,688
DA:106,688
DA:107,689
DA:108,689
DA:109,689
DA:110,689
DA:111,689
DA:112,1
DA:113,1
DA:114,215
DA:115,305
DA:116,305
DA:117,305
DA:118,215
DA:119,215
DA:120,1
DA:121,1
DA:122,215
DA:123,305
DA:124,305
DA:125,305
DA:126,215
DA:127,215
DA:128,1
DA:129,1
DA:130,1
LF:130
LH:130
BRDA:10,0,0,931
BRDA:12,1,0,673
BRDA:12,2,0,108
BRDA:14,3,0,823
BRDA:14,4,0,805
BRDA:14,5,0,240
BRDA:17,6,0,583
BRDA:19,7,0,366
BRDA:21,8,0,217
BRDA:21,9,0,214
BRDA:24,10,0,3
BRDA:29,11,0,689
BRDA:30,12,0,1378
BRDA:30,13,0,711
BRDA:30,14,0,667
BRDA:33,15,0,689
BRDA:35,16,0,1378
BRDA:40,17,0,687
BRDA:41,18,0,68
BRDA:44,19,0,619
BRDA:41,20,0,986
BRDA:42,21,0,33
BRDA:42,22,0,1
BRDA:42,23,0,32
BRDA:47,24,0,689
BRDA:49,25,0,1378
BRDA:63,26,0,689
BRDA:67,27,0,1985
BRDA:68,28,0,3322
BRDA:69,29,0,1296
BRDA:69,30,0,2026
BRDA:73,31,0,689
BRDA:79,32,0,2026
BRDA:81,33,0,1528
BRDA:87,34,0,1528
BRDA:88,35,0,1378
BRDA:91,36,0,1378
BRDA:94,37,0,689
BRDA:97,38,0,1
BRDA:102,39,0,688
BRDA:105,40,0,1
BRDA:105,41,0,687
BRDA:113,42,0,215
BRDA:114,43,0,305
BRDA:115,44,0,310
BRDA:116,45,0,60
BRDA:121,46,0,215
BRDA:122,47,0,305
BRDA:123,48,0,310
BRDA:124,49,0,60
BRF:50
BRH:50
end_of_record
TN:
SF:nameConstruct.ts
FN:12,UnitNameConstruct
FNF:1
FNH:1
FNDA:687,UnitNameConstruct
DA:1,1
DA:2,1
DA:3,1
DA:4,1
DA:5,1
DA:6,1
DA:7,1
DA:8,1
DA:9,1
DA:10,1
DA:11,1
DA:12,1
DA:13,687
DA:14,687
DA:15,687
DA:16,687
DA:17,1
LF:17
LH:17
BRDA:12,0,0,687
BRF:1
BRH:1
end_of_record
TN:
SF:noneUnit.ts
FNF:0
FNH:0
DA:1,1
DA:2,1
DA:3,1
DA:4,1
DA:5,1
LF:5
LH:5
BRF:0
BRH:0
end_of_record
TN:
SF:relativeUnit.ts
FN:9,RelativeUnit
FN:16,fromBaseSI
FN:20,toBaseSI
FN:24,MultipleOf
FN:28,FractionOf
FNF:5
FNH:5
FNDA:4,RelativeUnit
FNDA:125,fromBaseSI
FNDA:125,toBaseSI
FNDA:1,MultipleOf
FNDA:2,FractionOf
DA:1,1
DA:2,1
DA:3,1
DA:4,1
DA:5,1
DA:6,1
DA:7,1
DA:8,1
DA:9,1
DA:10,4
DA:11,4
DA:12,4
DA:13,4
DA:14,4
DA:15,1
DA:16,1
DA:17,125
DA:18,125
DA:19,1
DA:20,1
DA:21,125
DA:22,125
DA:23,1
DA:24,1
DA:25,1
DA:26,1
DA:27,1
DA:28,1
DA:29,2
DA:30,2
DA:31,1
LF:31
LH:31
BRDA:9,0,0,4
BRDA:16,1,0,125
BRDA:20,2,0,125
BRDA:24,3,0,1
BRDA:28,4,0,2
BRF:5
BRH:5
end_of_record
TN:
SF:simpleUnit.ts
FN:9,SimpleUnit
FN:15,toBaseSI
FN:16,fromBaseSI
FNF:3
FNH:3
FNDA:3,SimpleUnit
FNDA:180,toBaseSI
FNDA:190,fromBaseSI
DA:1,1
DA:2,1
DA:3,1
DA:4,1
DA:5,1
DA:6,1
DA:7,1
DA:8,1
DA:9,1
DA:10,3
DA:11,3
DA:12,3
DA:13,3
DA:14,1
DA:15,1
DA:16,1
DA:17,1
DA:18,1
DA:19,1
DA:20,1
DA:21,1
DA:22,1
DA:23,1
DA:24,1
DA:25,1
DA:26,1
DA:27,1
LF:27
LH:27
BRDA:9,0,0,3
BRDA:15,1,0,180
BRDA:16,2,0,190
BRF:3
BRH:3
end_of_record
TN:
SF:unit.ts
FN:16,get hasAbsoluteZero
FN:17,get isLinear
FN:21,Unit
FN:47,convertTo
FN:55,toString
FNF:5
FNH:5
FNDA:1378,get hasAbsoluteZero
FNDA:1378,get isLinear
FNDA:708,Unit
FNDA:352,convertTo
FNDA:2,toString
DA:1,1
DA:2,1
DA:3,1
DA:4,1
DA:5,1
DA:6,1
DA:7,1
DA:8,1
DA:9,1
DA:10,1
DA:11,1
DA:12,1
DA:13,1
DA:14,1
DA:15,1
DA:16,1
DA:17,1
DA:18,1
DA:19,1
DA:20,1
DA:21,1
DA:22,708
DA:23,708
DA:24,708
DA:25,708
DA:26,708
DA:27,708
DA:28,708
DA:29,708
DA:30,708
DA:31,708
DA:32,708
DA:33,708
DA:34,1
DA:35,1
DA:36,1
DA:37,1
DA:38,1
DA:39,1
DA:40,1
DA:41,1
DA:42,1
DA:43,1
DA:44,1
DA:45,1
DA:46,1
DA:47,1
DA:48,352
DA:49,341
DA:50,346
DA:51,11
DA:52,11
DA:53,352
DA:54,1
DA:55,1
DA:56,1
DA:57,1
DA:58,1
LF:58
LH:58
BRDA:16,0,0,1378
BRDA:17,1,0,1378
BRDA:21,2,0,708
BRDA:30,3,0,41
BRDA:31,4,0,3
BRDA:31,5,0,3
BRDA:47,6,0,352
BRDA:48,7,0,346
BRDA:48,8,0,341
BRDA:50,9,0,11
BRDA:55,10,0,2
BRDA:55,11,0,1
BRDA:55,12,0,1
BRF:13
BRH:13
end_of_record
TN:
SF:unitShape.ts
FN:9,ToUnitTypeShape
FN:21,UnitTypeShape_Equal
FN:32,UnitShape
FN:35,equal
FN:37,add
FN:49,multiply
FN:58,toString
FNF:7
FNH:7
FNDA:4187,ToUnitTypeShape
FNDA:352,UnitTypeShape_Equal
FNDA:4188,UnitShape
FNDA:352,equal
FNDA:1387,add
FNDA:1393,multiply
FNDA:40,toString
DA:1,1
DA:2,1
DA:3,1
DA:4,1
DA:5,1
DA:6,1
DA:7,1
DA:8,1
DA:9,4187
DA:10,4187
DA:11,16
DA:12,16
DA:13,16
DA:14,4187
DA:15,696
DA:16,4171
DA:17,3475
DA:18,3475
DA:19,4187
DA:20,1
DA:21,352
DA:22,352
DA:23,352
DA:24,352
DA:25,352
DA:26,352
DA:27,352
DA:28,1
DA:29,1
DA:30,1
DA:31,1
DA:32,1
DA:33,4188
DA:34,1
DA:35,1
DA:36,1
DA:37,1
DA:38,1387
DA:39,1387
DA:40,1387
DA:41,1387
DA:42,1387
DA:43,1387
DA:44,1387
DA:45,1387
DA:46,1387
DA:47,1387
DA:48,1
DA:49,1
DA:50,1393
DA:51,1393
DA:52,1393
DA:53,1393
DA:54,1393
DA:55,1393
DA:56,1393
DA:57,1
DA:58,1
DA:59,40
DA:60,40
DA:61,1
DA:62,1
DA:63,1
LF:63
LH:63
BRDA:9,0,0,4187
BRDA:10,1,0,16
BRDA:14,2,0,4171
BRDA:14,3,0,696
BRDA:16,4,0,3475
BRDA:21,5,0,352
BRDA:23,6,0,442
BRDA:23,7,0,442
BRDA:25,8,0,431
BRDA:25,9,0,431
BRDA:32,10,0,4188
BRDA:33,11,0,1
BRDA:33,12,0,4187
BRDA:35,13,0,352
BRDA:37,14,0,1387
BRDA:40,15,0,902
BRDA:43,16,0,1387
BRDA:43,17,0,1384
BRDA:49,18,0,1393
BRDA:50,19,0,1393
BRDA:58,20,0,40
BRDA:59,21,0,86
BRDA:59,22,0,56
BRDA:59,23,0,30
BRF:24
BRH:24
end_of_record
