TN:
SF:baseSIUnit.ts
FN:7,BaseSIUnit
FN:11,toBaseSI
FN:12,fromBaseSI
FNF:3
FNH:3
FNDA:14,BaseSIUnit
FNDA:322,toBaseSI
FNDA:312,fromBaseSI
DA:1,1
DA:2,1
DA:3,1
DA:4,1
DA:5,1
DA:6,1
DA:7,1
DA:8,14
DA:9,14
DA:10,1
DA:11,1
DA:12,1
DA:13,1
DA:14,1
DA:15,1
LF:15
LH:15
BRDA:7,0,0,14
BRDA:11,1,0,322
BRDA:12,2,0,312
BRF:3
BRH:3
end_of_record
TN:
SF:combinationUnit.ts
FN:15,unitPowerSort
FN:34,createName
FN:40,createUnitShapeHelper
FN:59,createShape
FN:67,createAbbreviation
FN:74,createMathConfig
FN:76,unitPowers.reduce.isLinear
FN:85,<static_initializer>
FN:90,SortUnitPowers
FN:94,FlattenUnitPowers
FN:100,SimplifyUnitPowers
FN:121,CombinationUnit
FN:140,toBaseSI
FN:148,fromBaseSI
FNF:14
FNH:14
FNDA:931,unitPowerSort
FNDA:689,createName
FNDA:1378,createUnitShapeHelper
FNDA:689,createShape
FNDA:687,createAbbreviation
FNDA:689,createMathConfig
FNDA:1378,unitPowers.reduce.isLinear
FNDA:1,<static_initializer>
FNDA:689,SortUnitPowers
FNDA:1985,FlattenUnitPowers
FNDA:689,SimplifyUnitPowers
FNDA:689,CombinationUnit
FNDA:215,toBaseSI
FNDA:215,fromBaseSI
DA:1,1
DA:2,1
DA:3,1
DA:4,1
DA:5,1
DA:6,1
DA:7,1
DA:8,1
DA:9,1
DA:10,1
DA:11,1
DA:12,1
DA:13,1
DA:14,1
DA:15,931
DA:16,931
DA:17,931
DA:18,108
DA:19,931
DA:20,240
DA:21,240
DA:22,583
DA:23,583
DA:24,931
DA:25,366
DA:26,931
DA:27,214
DA:28,214
DA:29,3
DA:30,3
DA:31,3
DA:32,3
DA:33,1
DA:34,689
DA:35,689
DA:36,689
DA:37,1
DA:38,1
DA:39,1
DA:40,1378
DA:41,1378
DA:42,1378
DA:43,1
DA:44,1
DA:45,1
DA:46,1
DA:47,1
DA:48,1
DA:49,1
DA:50,1
DA:51,1
DA:52,1
DA:53,1
DA:54,1
DA:55,1
DA:56,1
DA:57,1
DA:58,1
DA:59,689
DA:60,689
DA:61,689
DA:62,689
DA:63,689
DA:64,689
DA:65,689
DA:66,1
DA:67,687
DA:68,687
DA:69,68
DA:70,68
DA:71,619
DA:72,619
DA:73,1
DA:74,689
DA:75,689
DA:76,689
DA:77,1378
DA:78,1378
DA:79,689
DA:80,689
DA:81,689
DA:82,689
DA:83,1
DA:84,1
DA:85,1
DA:86,1
DA:87,1
DA:88,1
DA:89,1
DA:90,1
DA:91,689
DA:92,689
DA:93,1
DA:94,1
DA:95,1985
DA:96,3322
DA:97,1985
DA:98,1985
DA:99,1
DA:100,1
DA:101,689
DA:102,689
DA:103,689
DA:104,689
DA:105,689
DA:106,689
DA:107,2026
DA:108,2026
DA:109,2026
DA:110,689
DA:111,689
DA:112,689
DA:113,689
DA:114,689
DA:115,689
DA:116,689
DA:117,689
DA:118,689
DA:119,689
DA:120,1
DA:121,1
DA:122,689
DA:123,689
DA:124,689
DA:125,1
DA:126,1
DA:127,1
DA:128,1
DA:129,689
DA:130,688
DA:131,688
DA:132,688
DA:133,688
DA:134,689
DA:135,689
DA:136,689
DA:137,689
DA:138,689
DA:139,1
DA:140,1
DA:141,215
DA:142,305
DA:143,305
DA:144,305
DA:145,215
DA:146,215
DA:147,1
DA:148,1
DA:149,215
DA:150,305
DA:151,305
DA:152,305
DA:153,215
DA:154,215
DA:155,1
DA:156,1
DA:157,1
LF:157
LH:157
BRDA:15,0,0,931
BRDA:17,1,0,673
BRDA:17,2,0,108
BRDA:19,3,0,823
BRDA:19,4,0,805
BRDA:19,5,0,240
BRDA:22,6,0,583
BRDA:24,7,0,366
BRDA:26,8,0,217
BRDA:26,9,0,214
BRDA:29,10,0,3
BRDA:34,11,0,689
BRDA:35,12,0,1378
BRDA:35,13,0,711
BRDA:35,14,0,667
BRDA:40,15,0,1378
BRDA:59,16,0,689
BRDA:67,17,0,687
BRDA:68,18,0,68
BRDA:71,19,0,619
BRDA:68,20,0,986
BRDA:69,21,0,33
BRDA:69,22,0,1
BRDA:69,23,0,32
BRDA:74,24,0,689
BRDA:76,25,0,1378
BRDA:85,26,0,1
BRDA:90,27,0,689
BRDA:94,28,0,1985
BRDA:95,29,0,3322
BRDA:96,30,0,1296
BRDA:96,31,0,2026
BRDA:100,32,0,689
BRDA:106,33,0,2026
BRDA:108,34,0,1528
BRDA:114,35,0,1528
BRDA:115,36,0,1378
BRDA:118,37,0,1378
BRDA:121,38,0,689
BRDA:124,39,0,1
BRDA:129,40,0,688
BRDA:132,41,0,1
BRDA:132,42,0,687
BRDA:140,43,0,215
BRDA:141,44,0,305
BRDA:142,45,0,310
BRDA:143,46,0,60
BRDA:148,47,0,215
BRDA:149,48,0,305
BRDA:150,49,0,310
BRDA:151,50,0,60
BRF:51
BRH:51
end_of_record
TN:
SF:nameConstruct.ts
FN:7,<instance_members_initializer>
FN:12,UnitNameConstruct
FNF:2
FNH:2
FNDA:689,<instance_members_initializer>
FNDA:689,UnitNameConstruct
DA:1,1
DA:2,1
DA:3,1
DA:4,1
DA:5,1
DA:6,1
DA:7,689
DA:8,689
DA:9,689
DA:10,689
DA:11,689
DA:12,689
DA:13,689
DA:14,689
DA:15,689
DA:16,689
DA:17,689
LF:17
LH:17
BRDA:7,0,0,689
BRDA:12,1,0,689
BRF:2
BRH:2
end_of_record
TN:
SF:noneUnit.ts
FNF:0
FNH:0
DA:1,1
DA:2,1
DA:3,1
DA:4,1
DA:5,1
LF:5
LH:5
BRF:0
BRH:0
end_of_record
TN:
SF:relativeUnit.ts
FN:5,<instance_members_initializer>
FN:10,RelativeUnit
FN:17,fromBaseSI
FN:21,toBaseSI
FN:25,MultipleOf
FN:29,FractionOf
FNF:6
FNH:6
FNDA:4,<instance_members_initializer>
FNDA:4,RelativeUnit
FNDA:125,fromBaseSI
FNDA:125,toBaseSI
FNDA:1,MultipleOf
FNDA:2,FractionOf
DA:1,1
DA:2,1
DA:3,1
DA:4,1
DA:5,4
DA:6,4
DA:7,4
DA:8,4
DA:9,4
DA:10,4
DA:11,4
DA:12,4
DA:13,4
DA:14,4
DA:15,4
DA:16,4
DA:17,4
DA:18,125
DA:19,125
DA:20,4
DA:21,4
DA:22,125
DA:23,125
DA:24,4
DA:25,4
DA:26,1
DA:27,1
DA:28,4
DA:29,4
DA:30,2
DA:31,2
DA:32,4
LF:32
LH:32
BRDA:5,0,0,4
BRDA:10,1,0,4
BRDA:17,2,0,125
BRDA:21,3,0,125
BRDA:25,4,0,1
BRDA:29,5,0,2
BRF:6
BRH:6
end_of_record
TN:
SF:simpleUnit.ts
FN:5,<instance_members_initializer>
FN:9,SimpleUnit
FN:15,toBaseSI
FN:16,fromBaseSI
FNF:4
FNH:4
FNDA:3,<instance_members_initializer>
FNDA:3,SimpleUnit
FNDA:180,toBaseSI
FNDA:190,fromBaseSI
DA:1,1
DA:2,1
DA:3,1
DA:4,1
DA:5,3
DA:6,3
DA:7,3
DA:8,3
DA:9,3
DA:10,3
DA:11,3
DA:12,3
DA:13,3
DA:14,3
DA:15,3
DA:16,3
DA:17,3
DA:18,1
DA:19,1
LF:19
LH:19
BRDA:5,0,0,3
BRDA:9,1,0,3
BRDA:15,2,0,180
BRDA:16,3,0,190
BRF:4
BRH:4
end_of_record
TN:
SF:unit.ts
FN:10,<instance_members_initializer>
FN:16,get hasAbsoluteZero
FN:17,get isLinear
FN:21,Unit
FN:47,convertTo
FN:55,toString
FNF:6
FNH:6
FNDA:710,<instance_members_initializer>
FNDA:1378,get hasAbsoluteZero
FNDA:1378,get isLinear
FNDA:710,Unit
FNDA:346,convertTo
FNDA:2,toString
DA:1,1
DA:2,1
DA:3,1
DA:4,1
DA:5,1
DA:6,1
DA:7,1
DA:8,1
DA:9,1
DA:10,710
DA:11,710
DA:12,710
DA:13,710
DA:14,710
DA:15,710
DA:16,710
DA:17,710
DA:18,710
DA:19,710
DA:20,710
DA:21,710
DA:22,710
DA:23,710
DA:24,710
DA:25,710
DA:26,710
DA:27,710
DA:28,710
DA:29,710
DA:30,710
DA:31,710
DA:32,710
DA:33,710
DA:34,710
DA:35,710
DA:36,710
DA:37,710
DA:38,710
DA:39,710
DA:40,710
DA:41,710
DA:42,710
DA:43,710
DA:44,710
DA:45,710
DA:46,710
DA:47,710
DA:48,346
DA:49,341
DA:50,346
DA:51,5
DA:52,5
DA:53,346
DA:54,710
DA:55,710
DA:56,710
DA:57,1
DA:58,1
LF:58
LH:58
BRDA:10,0,0,710
BRDA:16,1,0,1378
BRDA:17,2,0,1378
BRDA:21,3,0,710
BRDA:30,4,0,41
BRDA:31,5,0,3
BRDA:31,6,0,3
BRDA:47,7,0,346
BRDA:48,8,0,341
BRDA:50,9,0,5
BRDA:55,10,0,2
BRDA:55,11,0,1
BRDA:55,12,0,1
BRF:13
BRH:13
end_of_record
TN:
SF:unitShape.ts
FN:10,UnitTypeShape_Equal
FN:37,<instance_members_initializer>
FN:40,FromShapeMap
FN:44,FromBasisType
FN:48,UnitShape
FN:52,equal
FN:54,add
FN:66,multiply
FN:76,toString
FNF:9
FNH:9
FNDA:346,UnitTypeShape_Equal
FNDA:3494,<instance_members_initializer>
FNDA:18,FromShapeMap
FNDA:18,FromBasisType
FNDA:3494,UnitShape
FNDA:346,equal
FNDA:1387,add
FNDA:1393,multiply
FNDA:28,toString
DA:1,1
DA:2,1
DA:3,1
DA:4,1
DA:5,1
DA:6,1
DA:7,1
DA:8,1
DA:9,1
DA:10,346
DA:11,346
DA:12,346
DA:13,346
DA:14,346
DA:15,346
DA:16,346
DA:17,1
DA:18,1
DA:19,1
DA:20,1
DA:21,1
DA:22,1
DA:23,1
DA:24,1
DA:25,1
DA:26,1
DA:27,1
DA:28,1
DA:29,1
DA:30,1
DA:31,1
DA:32,1
DA:33,1
DA:34,1
DA:35,1
DA:36,1
DA:37,3494
DA:38,3494
DA:39,3494
DA:40,3494
DA:41,18
DA:42,18
DA:43,3494
DA:44,3494
DA:45,18
DA:46,18
DA:47,3494
DA:48,3494
DA:49,3494
DA:50,3494
DA:51,3494
DA:52,3494
DA:53,3494
DA:54,3494
DA:55,1387
DA:56,1387
DA:57,1387
DA:58,1387
DA:59,1387
DA:60,1387
DA:61,1387
DA:62,1387
DA:63,1387
DA:64,1387
DA:65,3494
DA:66,3494
DA:67,1393
DA:68,1393
DA:69,1393
DA:70,1393
DA:71,1393
DA:72,1393
DA:73,1393
DA:74,1393
DA:75,3494
DA:76,3494
DA:77,28
DA:78,28
DA:79,3494
DA:80,1
DA:81,1
LF:81
LH:81
BRDA:10,0,0,346
BRDA:12,1,0,436
BRDA:12,2,0,436
BRDA:14,3,0,431
BRDA:14,4,0,431
BRDA:37,5,0,3494
BRDA:40,6,0,18
BRDA:44,7,0,18
BRDA:48,8,0,3494
BRDA:52,9,0,346
BRDA:54,10,0,1387
BRDA:57,11,0,902
BRDA:60,12,0,1387
BRDA:60,13,0,1384
BRDA:66,14,0,1393
BRDA:68,15,0,1393
BRDA:76,16,0,28
BRDA:77,17,0,74
BRDA:77,18,0,44
BRDA:77,19,0,30
BRF:20
BRH:20
end_of_record
TN:
SF:ts-number-literal-type-arithmetic\_generate-arithmetic-type.ts
FN:1,generateArithmeticType
FN:28,generateArithmeticTypeFile
FNF:2
FNH:1
FNDA:2,generateArithmeticType
FNDA:0,generateArithmeticTypeFile
DA:1,2
DA:2,2
DA:3,2
DA:4,2
DA:5,2
DA:6,2
DA:7,2
DA:8,2
DA:9,2
DA:10,2
DA:11,3
DA:12,3
DA:13,2
DA:14,2
DA:15,8
DA:16,8
DA:17,8
DA:18,2
DA:19,2
DA:20,2
DA:21,2
DA:22,2
DA:23,2
DA:24,2
DA:25,2
DA:26,1
DA:27,1
DA:28,0
DA:29,0
DA:30,0
DA:31,1
DA:32,1
DA:33,1
LF:33
LH:30
BRDA:1,0,0,2
BRDA:10,1,0,3
BRDA:14,2,0,8
BRDA:15,3,0,32
BRF:4
BRH:4
end_of_record
